2024-05-15T11:49:08.719Z debug: ERROR REQ: 401 - POST /api/v1/category - 186.223 ms
2024-05-15T11:49:17.273Z debug: SUCCESS REQ: 200 - POST /api/v1/auth/login - 141.552 ms
2024-05-15T11:49:21.493Z debug: SUCCESS REQ: 200 - POST /api/v1/category - 7.090 ms
2024-05-15T11:49:34.119Z debug: SUCCESS REQ: 200 - POST /api/v1/category - 58.445 ms
2024-05-15T12:00:56.868Z debug: SUCCESS REQ: 200 - POST /api/v1/category - 102.370 ms
2024-05-15T12:01:37.445Z debug: ERROR REQ: 409 - POST /api/v1/category - 63.171 ms
2024-05-15T12:07:27.205Z debug: ERROR REQ: 409 - POST /api/v1/category - 91.193 ms
2024-05-15T12:14:42.499Z debug: ERROR REQ: 409 - POST /api/v1/category - 61.277 ms
2024-05-15T12:18:30.691Z debug: ERROR REQ: 500 - POST /api/v1/category - 46.453 ms
2024-05-15T12:19:02.711Z debug: ERROR REQ: 500 - POST /api/v1/category - 48.508 ms
2024-05-15T12:21:05.912Z debug: SUCCESS REQ: 200 - POST /api/v1/category - 47.384 ms
2024-05-15T12:21:24.064Z debug: ERROR REQ: 409 - POST /api/v1/category - 63.563 ms
2024-05-15T12:22:08.690Z debug: ERROR REQ: 409 - POST /api/v1/category - 64.811 ms
2024-05-15T12:23:22.595Z debug: ERROR REQ: 409 - POST /api/v1/category - 60.057 ms
2024-05-15T12:27:39.529Z debug: ERROR REQ: 409 - POST /api/v1/category - 74.564 ms
2024-05-15T12:30:55.236Z debug: ERROR REQ: 409 - POST /api/v1/category - 62.607 ms
2024-05-15T12:32:45.094Z debug: ERROR REQ: 409 - POST /api/v1/category - 45.100 ms
2024-05-15T12:46:31.586Z debug: ERROR REQ: 409 - POST /api/v1/category - 52.298 ms
2024-05-15T12:51:31.508Z debug: ERROR REQ: 401 - POST /api/v1/category - 21.474 ms
2024-05-15T12:51:35.217Z debug: SUCCESS REQ: 200 - POST /api/v1/auth/login - 70.879 ms
2024-05-15T12:53:36.478Z debug: SUCCESS REQ: 200 - POST /api/v1/category - 57.107 ms
2024-05-15T12:53:39.210Z debug: ERROR REQ: 409 - POST /api/v1/category - 8.322 ms
2024-05-15T12:57:07.878Z debug: SUCCESS REQ: 200 - GET /api/v1/category/aeromodynamics-user-alone-sadfasf - 27.011 ms
2024-05-15T13:04:22.403Z debug: ERROR REQ: 409 - POST /api/v1/category - 46.905 ms
2024-05-15T13:09:00.119Z debug: ERROR REQ: 409 - POST /api/v1/category - 10.374 ms
2024-05-15T13:09:41.035Z debug: SUCCESS REQ: 200 - POST /api/v1/category - 18.661 ms
2024-05-15T13:10:18.121Z debug: ERROR REQ: 409 - POST /api/v1/category - 58.254 ms
2024-05-15T13:11:22.097Z debug: ERROR REQ: 401 - POST /api/v1/category/uploadicon/13 - 0.970 ms
2024-05-15T13:11:26.256Z debug: SUCCESS REQ: 200 - POST /api/v1/auth/login - 107.111 ms
2024-05-15T13:11:28.349Z debug: ERROR REQ: 401 - POST /api/v1/category/uploadicon/13 - 0.718 ms
2024-05-15T13:13:28.629Z debug: ERROR REQ: 404 - POST /api/v1/category/uploadicon/13 - 2913.177 ms
2024-05-15T13:15:40.244Z debug: SUCCESS REQ: 200 - POST /api/v1/category/uploadicon/13 - 2892.631 ms
2024-05-15T13:20:45.093Z debug: ERROR REQ: 409 - POST /api/v1/category - 63.685 ms
2024-05-15T13:21:46.032Z debug: ERROR REQ: 409 - POST /api/v1/category - 56.877 ms
2024-05-15T13:23:13.613Z debug: ERROR REQ: 409 - POST /api/v1/category - 57.970 ms
2024-05-15T13:23:21.860Z debug: SUCCESS REQ: 200 - POST /api/v1/category - 17.907 ms
2024-05-15T13:24:11.348Z debug: ERROR REQ: 409 - POST /api/v1/category - 55.553 ms
2024-05-15T13:24:18.050Z debug: SUCCESS REQ: 200 - POST /api/v1/category - 21.961 ms
