2024-05-04T06:33:04.035Z debug: ERROR REQ: 404 - POST /api/v1/invite/inviteuser - 169.445 ms
2024-05-04T06:34:53.912Z debug: ERROR REQ: 401 - GET /api/v1/roles/dropdownRoles - 5.487 ms
2024-05-04T06:35:01.639Z debug: SUCCESS REQ: 200 - POST /api/v1/auth/login - 121.071 ms
2024-05-04T06:35:05.035Z debug: ERROR REQ: 404 - GET /api/v1/roles/dropdownRoles - 4.779 ms
2024-05-04T06:38:10.283Z debug: SUCCESS REQ: 200 - GET /api/v1/adminUser/getById - 54.284 ms
2024-05-04T06:38:34.738Z debug: SUCCESS REQ: 200 - GET /api/v1/adminUser/getById - 53.523 ms
2024-05-04T06:50:52.855Z debug: SUCCESS REQ: 200 - GET /api/v1/roles/moduleDropdown - 78.826 ms
2024-05-04T06:55:32.937Z debug: SUCCESS REQ: 200 - GET /api/v1/roles/moduleDropdown - 28.341 ms
2024-05-04T06:56:07.896Z debug: SUCCESS REQ: 200 - GET /api/v1/roles/featureDropdown/3 - 70.644 ms
2024-05-04T06:56:35.588Z debug: ERROR REQ: 404 - GET /api/v1/roles/featureDropdown/30 - 57.705 ms
2024-05-04T06:57:09.500Z debug: SUCCESS REQ: 200 - GET /api/v1/roles/roleDropdown - 53.358 ms
2024-05-04T06:57:37.646Z debug: SUCCESS REQ: 200 - GET /api/v1/roles/userDropdown - 52.041 ms
2024-05-04T06:58:25.160Z debug: SUCCESS REQ: 200 - GET /api/v1/roles/userDropdown - 58.653 ms
2024-05-04T06:59:43.189Z debug: SUCCESS REQ: 200 - GET /api/v1/roles/userDropdown - 56.840 ms
2024-05-04T06:59:46.327Z debug: SUCCESS REQ: 200 - GET /api/v1/roles/userDropdown - 4.698 ms
2024-05-04T07:00:54.480Z debug: SUCCESS REQ: 200 - GET /api/v1/roles/userDropdown - 53.016 ms
2024-05-04T07:01:18.631Z debug: ERROR REQ: 404 - POST /api/v1/roles/get - 80.621 ms
2024-05-04T07:03:15.942Z debug: SUCCESS REQ: 200 - POST /api/v1/roles/get - 93.811 ms
2024-05-04T07:11:34.958Z debug: SUCCESS REQ: 200 - GET /api/v1/roles/getall - 76.966 ms
2024-05-04T07:13:59.314Z debug: ERROR REQ: 500 - POST /api/v1/roles/create - 108.478 ms
2024-05-04T07:18:39.411Z debug: ERROR REQ: 500 - POST /api/v1/roles/create - 109.935 ms
2024-05-04T07:20:06.143Z debug: SUCCESS REQ: 200 - POST /api/v1/roles/create - 87.862 ms
2024-05-04T07:23:06.079Z debug: SUCCESS REQ: 200 - PUT /api/v1/roles/update - 95.344 ms
2024-05-04T07:23:30.780Z debug: SUCCESS REQ: 200 - PUT /api/v1/roles/update - 94.368 ms
2024-05-04T07:24:00.299Z debug: SUCCESS REQ: 200 - PUT /api/v1/roles/update - 88.522 ms
2024-05-04T07:24:25.900Z debug: SUCCESS REQ: 200 - PUT /api/v1/roles/update - 93.490 ms
2024-05-04T07:25:36.837Z debug: SUCCESS REQ: 200 - PUT /api/v1/roles/update - 86.506 ms
2024-05-04T07:29:09.044Z debug: SUCCESS REQ: 200 - PUT /api/v1/roles/update - 150.468 ms
2024-05-04T07:29:34.069Z debug: ERROR REQ: 404 - PUT /api/v1/roles/update - 71.639 ms
2024-05-04T07:31:42.897Z debug: ERROR REQ: 409 - POST /api/v1/roles/create - 29.112 ms
2024-05-04T07:31:59.181Z debug: ERROR REQ: 409 - POST /api/v1/roles/create - 75.106 ms
2024-05-04T07:32:19.454Z debug: ERROR REQ: 500 - POST /api/v1/roles/create - 95.809 ms
2024-05-04T07:34:40.431Z debug: ERROR REQ: 409 - POST /api/v1/roles/create - 59.802 ms
2024-05-04T07:35:03.562Z debug: ERROR REQ: 401 - POST /api/v1/roles/create - 2.391 ms
2024-05-04T07:35:07.275Z debug: SUCCESS REQ: 200 - POST /api/v1/auth/login - 91.675 ms
2024-05-04T09:45:22.356Z debug: ERROR REQ: 401 - DELETE /api/v1/roles/delete - 23.803 ms
2024-05-04T09:45:27.307Z debug: SUCCESS REQ: 200 - POST /api/v1/auth/login - 121.143 ms
2024-05-04T09:45:29.713Z debug: ERROR REQ: 404 - DELETE /api/v1/roles/delete - 9.521 ms
2024-05-04T09:46:48.082Z debug: ERROR REQ: 404 - DELETE /api/v1/roles/delete - 63.347 ms
2024-05-04T09:46:59.264Z debug: ERROR REQ: 404 - DELETE /api/v1/roles/delete - 52.386 ms
2024-05-04T09:47:08.570Z debug: ERROR REQ: 404 - DELETE /api/v1/roles/delete - 6.736 ms
2024-05-04T09:47:43.962Z debug: SUCCESS REQ: 200 - DELETE /api/v1/roles/delete - 68.952 ms
2024-05-04T09:51:03.901Z debug: SUCCESS REQ: 200 - DELETE /api/v1/roles/delete - 63.719 ms
2024-05-04T09:51:26.586Z debug: SUCCESS REQ: 200 - DELETE /api/v1/roles/delete - 63.781 ms
2024-05-04T09:56:10.973Z debug: SUCCESS REQ: 200 - GET /api/v1/adminUser/getById - 70.459 ms
2024-05-04T09:56:35.363Z debug: SUCCESS REQ: 200 - GET /api/v1/adminUser/getById - 58.792 ms
2024-05-04T10:00:06.175Z debug: SUCCESS REQ: 200 - GET /api/v1/adminUser/getById - 28.834 ms
2024-05-04T10:01:51.868Z debug: SUCCESS REQ: 200 - GET /api/v1/roles/getall - 96.235 ms
2024-05-04T10:02:37.086Z debug: SUCCESS REQ: 200 - PUT /api/v1/adminUser/update - 186.859 ms
2024-05-04T10:03:19.810Z debug: SUCCESS REQ: 200 - PUT /api/v1/adminUser/update - 70.770 ms
2024-05-04T10:32:02.832Z debug: SUCCESS REQ: 200 - PUT /api/v1/adminUser/update - 99.042 ms
2024-05-04T10:33:40.212Z debug: SUCCESS REQ: 200 - PUT /api/v1/adminUser/updatePassword - 60.794 ms
2024-05-04T10:35:26.128Z debug: SUCCESS REQ: 200 - PUT /api/v1/adminUser/updatePassword - 62.669 ms
2024-05-04T10:37:03.371Z debug: ERROR REQ: 404 - GET /api/v1/adminUser/get/10 - 62.907 ms
2024-05-04T10:37:09.424Z debug: SUCCESS REQ: 200 - GET /api/v1/adminUser/get/1 - 10.732 ms
2024-05-04T10:37:53.033Z debug: SUCCESS REQ: 200 - GET /api/v1/adminUser/get/3 - 57.342 ms
2024-05-04T10:37:58.236Z debug: SUCCESS REQ: 200 - GET /api/v1/adminUser/get/4 - 8.053 ms
2024-05-04T10:42:09.638Z debug: SUCCESS REQ: 200 - POST /api/v1/auth/login - 95.561 ms
2024-05-04T10:42:40.930Z debug: SUCCESS REQ: 200 - POST /api/v1/auth/logout - 57.225 ms
2024-05-04T10:44:30.862Z debug: SUCCESS REQ: 200 - POST /api/v1/auth/login - 35.403 ms
2024-05-04T10:45:19.697Z debug: SUCCESS REQ: 200 - POST /api/v1/auth/refreshtoken - 57.176 ms
2024-05-04T10:45:42.800Z debug: SUCCESS REQ: 200 - POST /api/v1/auth/forgotpassword - 893.930 ms
2024-05-04T10:48:47.220Z debug: SUCCESS REQ: 200 - POST /api/v1/auth/resetpassword?resetCode=bffa221a-4b9b-444d-9b72-5b6b2fd170f3 - 59.908 ms
2024-05-04T10:49:01.839Z debug: ERROR REQ: 404 - POST /api/v1/auth/resetpassword?resetCode=bffa221a-4b9b-444d-9b72-5b6b2fd170f1 - 49.554 ms
2024-05-04T12:21:32.870Z debug: ERROR REQ: 409 - POST /api/v1/roles/create - 118.328 ms
2024-05-04T12:25:09.821Z debug: ERROR REQ: 409 - POST /api/v1/roles/create - 72.626 ms
2024-05-04T12:25:17.937Z debug: ERROR REQ: 409 - POST /api/v1/roles/create - 15.598 ms
2024-05-04T12:25:54.165Z debug: ERROR REQ: 409 - POST /api/v1/roles/create - 71.559 ms
2024-05-04T12:30:20.035Z debug: SUCCESS REQ: 200 - GET /api/v1/roles/getall?page%20=1&pageSize=2 - 50.561 ms
2024-05-04T12:30:48.354Z debug: SUCCESS REQ: 200 - GET /api/v1/roles/getall?page%20=3&pageSize=2 - 69.568 ms
2024-05-04T12:30:55.934Z debug: SUCCESS REQ: 200 - GET /api/v1/roles/getall?page%20=4&pageSize=2 - 16.516 ms
2024-05-04T12:31:02.886Z debug: SUCCESS REQ: 200 - GET /api/v1/roles/getall?page%20=5&pageSize=2 - 13.189 ms
2024-05-04T12:31:34.640Z debug: SUCCESS REQ: 200 - GET /api/v1/roles/getall?page%20=7&pageSize=2 - 79.920 ms
2024-05-04T12:31:58.175Z debug: SUCCESS REQ: 200 - GET /api/v1/roles/getall - 65.936 ms
2024-05-04T12:34:41.364Z debug: SUCCESS REQ: 200 - GET /api/v1/roles/getall - 61.795 ms
2024-05-04T12:34:46.596Z debug: SUCCESS REQ: 200 - GET /api/v1/roles/getall - 12.547 ms
2024-05-04T12:34:55.888Z debug: SUCCESS REQ: 200 - GET /api/v1/roles/getall - 12.539 ms
2024-05-04T12:35:13.006Z debug: SUCCESS REQ: 200 - GET /api/v1/roles/getall - 46.124 ms
2024-05-04T12:35:30.811Z debug: SUCCESS REQ: 200 - GET /api/v1/roles/getall - 69.905 ms
2024-05-04T12:35:39.656Z debug: SUCCESS REQ: 200 - GET /api/v1/roles/getall - 17.539 ms
2024-05-04T12:36:15.583Z debug: SUCCESS REQ: 200 - POST /api/v1/roles/create - 117.250 ms
2024-05-04T12:36:21.861Z debug: SUCCESS REQ: 200 - GET /api/v1/roles/getall - 22.016 ms
