2024-04-30T09:34:47.592Z debug: SUCCESS REQ: 200 - POST /api/v1/auth/login - 364.833 ms
2024-04-30T09:35:09.968Z debug: ERROR REQ: 404 - POST /api/v1/adminUser/create - 110.333 ms
2024-04-30T09:36:32.445Z debug: SUCCESS REQ: 200 - GET /api/v1/roles/getall - 79.973 ms
2024-04-30T09:36:37.824Z debug: SUCCESS REQ: 200 - POST /api/v1/roles/create - 59.412 ms
2024-04-30T09:36:40.850Z debug: SUCCESS REQ: 200 - GET /api/v1/roles/getall - 57.403 ms
2024-04-30T09:41:00.054Z debug: SUCCESS REQ: 200 - GET /api/v1/roles/getall - 130.866 ms
2024-04-30T09:49:13.149Z debug: SUCCESS REQ: 200 - POST /api/v1/roles/create - 167.068 ms
2024-04-30T09:49:22.372Z debug: SUCCESS REQ: 200 - GET /api/v1/roles/getall - 33.694 ms
2024-04-30T09:50:43.508Z debug: SUCCESS REQ: 200 - GET /api/v1/roles/getall - 145.292 ms
2024-04-30T09:52:26.220Z debug: ERROR REQ: 409 - POST /api/v1/roles/create - 77.582 ms
2024-04-30T09:52:33.529Z debug: ERROR REQ: 409 - POST /api/v1/roles/create - 7.096 ms
2024-04-30T09:53:02.004Z debug: ERROR REQ: 409 - POST /api/v1/roles/create - 203.533 ms
2024-04-30T09:54:49.212Z debug: SUCCESS REQ: 200 - GET /api/v1/roles/featureDropdown/3 - 69.788 ms
2024-04-30T09:55:50.038Z debug: ERROR REQ: 409 - POST /api/v1/roles/create - 90.454 ms
2024-04-30T09:57:21.374Z debug: ERROR REQ: 409 - POST /api/v1/roles/create - 235.951 ms
2024-04-30T09:58:18.371Z debug: ERROR REQ: 409 - POST /api/v1/roles/create - 194.479 ms
2024-04-30T09:59:18.621Z debug: ERROR REQ: 409 - POST /api/v1/roles/create - 94.517 ms
2024-04-30T10:02:59.473Z debug: ERROR REQ: 409 - POST /api/v1/roles/create - 81.127 ms
2024-04-30T10:04:17.813Z debug: ERROR REQ: 409 - POST /api/v1/roles/create - 87.906 ms
2024-04-30T10:04:52.093Z debug: SUCCESS REQ: 200 - POST /api/v1/roles/create - 174.956 ms
2024-04-30T10:45:18.130Z debug: ERROR REQ: 401 - PUT /api/v1/adminUser/updateUser/1 - 28.533 ms
2024-04-30T10:45:22.378Z debug: SUCCESS REQ: 200 - POST /api/v1/auth/login - 139.602 ms
2024-04-30T10:45:25.882Z debug: ERROR REQ: 409 - PUT /api/v1/adminUser/updateUser/1 - 15.283 ms
2024-04-30T10:45:37.226Z debug: ERROR REQ: 404 - PUT /api/v1/adminUser/updateUser/6 - 76.714 ms
2024-04-30T10:45:56.748Z debug: ERROR REQ: 409 - PUT /api/v1/adminUser/updateUser/1 - 69.538 ms
2024-04-30T10:46:03.768Z debug: SUCCESS REQ: 200 - PUT /api/v1/adminUser/updateUser/6 - 21.642 ms
2024-04-30T10:47:14.799Z debug: SUCCESS REQ: 200 - PUT /api/v1/adminUser/updateUser/6 - 179.035 ms
2024-04-30T10:54:32.707Z debug: SUCCESS REQ: 200 - PUT /api/v1/adminUser/updateUser/6 - 251.595 ms
2024-04-30T10:55:22.843Z debug: SUCCESS REQ: 200 - PUT /api/v1/adminUser/updateUser/6 - 76.718 ms
2024-04-30T10:57:00.779Z debug: SUCCESS REQ: 200 - PUT /api/v1/adminUser/updateUser/6 - 75.185 ms
2024-04-30T10:58:02.132Z debug: SUCCESS REQ: 200 - PUT /api/v1/adminUser/updateUser/6 - 138.936 ms
2024-04-30T11:00:12.281Z debug: SUCCESS REQ: 200 - PUT /api/v1/adminUser/updateUser/6 - 73.221 ms
2024-04-30T11:01:20.818Z debug: SUCCESS REQ: 200 - PUT /api/v1/adminUser/updateUser/6 - 136.290 ms
2024-04-30T11:05:03.836Z debug: SUCCESS REQ: 200 - PUT /api/v1/adminUser/updateUser/6 - 515.497 ms
2024-04-30T11:06:30.830Z debug: ERROR REQ: 409 - PUT /api/v1/adminUser/updateUser/5 - 75.091 ms
2024-04-30T11:06:37.439Z debug: ERROR REQ: 409 - PUT /api/v1/adminUser/updateUser/5 - 25.942 ms
2024-04-30T11:07:05.130Z debug: ERROR REQ: 409 - PUT /api/v1/adminUser/updateUser/5 - 56.698 ms
2024-04-30T11:07:33.727Z debug: ERROR REQ: 409 - PUT /api/v1/adminUser/updateUser/5 - 105.141 ms
2024-04-30T11:09:00.134Z debug: SUCCESS REQ: 200 - PUT /api/v1/adminUser/updateUser/5 - 130.329 ms
2024-04-30T11:16:49.304Z debug: SUCCESS REQ: 200 - PUT /api/v1/adminUser/updateUser/5 - 68.390 ms
2024-04-30T11:17:57.100Z debug: SUCCESS REQ: 200 - PUT /api/v1/adminUser/updateUser/5 - 78.674 ms
2024-04-30T11:18:54.996Z debug: SUCCESS REQ: 200 - PUT /api/v1/adminUser/updateUser/5 - 74.665 ms
2024-04-30T11:19:35.002Z debug: SUCCESS REQ: 200 - PUT /api/v1/adminUser/updateUser/5 - 73.770 ms
2024-04-30T11:21:48.381Z debug: SUCCESS REQ: 200 - PUT /api/v1/adminUser/updateUser/5 - 71.757 ms
2024-04-30T11:23:34.525Z debug: SUCCESS REQ: 200 - PUT /api/v1/adminUser/updateUser/5 - 69.651 ms
2024-04-30T11:45:59.485Z debug: ERROR REQ: 401 - GET /api/v1/tags - 9.487 ms
2024-04-30T11:46:10.334Z debug: SUCCESS REQ: 200 - POST /api/v1/auth/login - 163.779 ms
2024-04-30T11:46:13.177Z debug: SUCCESS REQ: 200 - GET /api/v1/tags - 10.922 ms
2024-04-30T11:46:18.823Z debug: SUCCESS REQ: 200 - PUT /api/v1/adminUser/updateUser/5 - 31.516 ms
2024-04-30T11:47:49.435Z debug: SUCCESS REQ: 200 - PUT /api/v1/adminUser/updateUser/5 - 70.839 ms
2024-04-30T11:48:29.958Z debug: SUCCESS REQ: 200 - PUT /api/v1/adminUser/updateUser/6 - 104.478 ms
2024-04-30T11:51:41.509Z debug: SUCCESS REQ: 200 - PUT /api/v1/adminUser/updateUser/6 - 92.741 ms
2024-04-30T11:52:32.753Z debug: SUCCESS REQ: 200 - PUT /api/v1/adminUser/updateUser/6 - 95.129 ms
2024-04-30T11:53:31.664Z debug: SUCCESS REQ: 200 - PUT /api/v1/adminUser/updateUser/6 - 196.770 ms
2024-04-30T12:02:07.305Z debug: SUCCESS REQ: 200 - PUT /api/v1/adminUser/updateUser/6 - 91.309 ms
2024-04-30T12:02:19.190Z debug: SUCCESS REQ: 200 - PUT /api/v1/adminUser/updateUser/6 - 81.339 ms
2024-04-30T12:02:57.229Z debug: SUCCESS REQ: 200 - PUT /api/v1/adminUser/updateUser/6 - 78.100 ms
2024-04-30T12:10:31.858Z debug: SUCCESS REQ: 200 - GET /api/v1/tags - 83.579 ms
2024-04-30T12:10:35.944Z debug: SUCCESS REQ: 200 - GET /api/v1/tags?search=drone - 20.341 ms
2024-04-30T12:10:55.638Z debug: SUCCESS REQ: 200 - GET /api/v1/tags?search= - 64.511 ms
2024-04-30T13:00:01.282Z debug: ERROR REQ: 401 - PUT /api/v1/adminUser/updateUser/6 - 32.218 ms
2024-04-30T13:00:08.279Z debug: SUCCESS REQ: 200 - POST /api/v1/auth/login - 145.446 ms
2024-04-30T13:00:16.137Z debug: SUCCESS REQ: 200 - PUT /api/v1/adminUser/updateUser/6 - 24.072 ms
2024-04-30T13:06:45.856Z debug: SUCCESS REQ: 200 - PUT /api/v1/adminUser/updateUser/6 - 79.114 ms
2024-04-30T13:08:24.056Z debug: SUCCESS REQ: 200 - PUT /api/v1/adminUser/updateUser/6 - 92.267 ms
2024-04-30T13:10:42.789Z debug: SUCCESS REQ: 200 - PUT /api/v1/adminUser/updateUser/6 - 75.558 ms
2024-04-30T13:11:28.161Z debug: SUCCESS REQ: 200 - PUT /api/v1/adminUser/updateUser/6 - 98.128 ms
2024-04-30T13:11:48.673Z debug: SUCCESS REQ: 200 - PUT /api/v1/adminUser/updateUser/6 - 85.511 ms
2024-04-30T13:12:21.350Z debug: SUCCESS REQ: 200 - PUT /api/v1/adminUser/updateUser/6 - 149.055 ms
2024-04-30T13:12:35.705Z debug: SUCCESS REQ: 200 - PUT /api/v1/adminUser/updateUser/6 - 90.320 ms
2024-04-30T13:12:57.210Z debug: ERROR REQ: 404 - PUT /api/v1/adminUser/updateUser/6 - 69.715 ms
2024-04-30T13:13:02.820Z debug: SUCCESS REQ: 200 - PUT /api/v1/adminUser/updateUser/6 - 30.572 ms
2024-04-30T13:14:37.920Z debug: SUCCESS REQ: 200 - PUT /api/v1/adminUser/updateUser/6 - 135.222 ms
2024-04-30T13:15:14.618Z debug: SUCCESS REQ: 200 - PUT /api/v1/adminUser/updateUser/6 - 94.258 ms
2024-04-30T13:19:54.557Z debug: SUCCESS REQ: 200 - PUT /api/v1/adminUser/updateUser/6 - 105.305 ms
2024-04-30T13:40:34.725Z debug: SUCCESS REQ: 200 - GET /api/v1/adminUser/get/1 - 181.244 ms
2024-04-30T13:41:12.838Z debug: SUCCESS REQ: 200 - GET /api/v1/adminUser/get/6 - 107.078 ms
2024-04-30T13:42:38.792Z debug: SUCCESS REQ: 200 - GET /api/v1/adminUser/get/6 - 58.782 ms
2024-04-30T13:44:23.460Z debug: SUCCESS REQ: 200 - GET /api/v1/adminUser/get/6 - 60.901 ms
2024-04-30T13:46:55.245Z debug: SUCCESS REQ: 200 - GET /api/v1/adminUser/get/6 - 66.739 ms
2024-04-30T13:47:13.075Z debug: SUCCESS REQ: 200 - GET /api/v1/adminUser/get/6 - 60.495 ms
2024-04-30T14:00:19.117Z debug: ERROR REQ: 401 - GET /api/v1/adminUser/get/6 - 9.828 ms
2024-04-30T14:00:23.357Z debug: SUCCESS REQ: 200 - POST /api/v1/auth/login - 106.807 ms
2024-04-30T14:00:25.442Z debug: SUCCESS REQ: 200 - GET /api/v1/adminUser/get/6 - 14.547 ms
2024-04-30T14:02:21.167Z debug: SUCCESS REQ: 200 - GET /api/v1/adminUser/get/6 - 83.527 ms
2024-04-30T14:21:39.444Z debug: SUCCESS REQ: 200 - GET /api/v1/roles/roleDropdown - 36.658 ms
2024-04-30T14:22:19.276Z debug: SUCCESS REQ: 200 - GET /api/v1/roles/roleDropdown - 29.224 ms
2024-04-30T14:23:25.323Z debug: SUCCESS REQ: 200 - GET /api/v1/adminUser/get/1 - 102.919 ms
2024-04-30T14:23:31.969Z debug: SUCCESS REQ: 200 - GET /api/v1/adminUser/get/6 - 15.780 ms
2024-04-30T14:25:11.778Z debug: SUCCESS REQ: 200 - GET /api/v1/adminUser/get/1 - 109.246 ms
2024-04-30T14:26:04.134Z debug: SUCCESS REQ: 200 - GET /api/v1/adminUser/get/1 - 50.430 ms
2024-04-30T14:27:06.842Z debug: ERROR REQ: 404 - GET /api/v1/roles/dropdownRoles - 14.950 ms
2024-04-30T14:27:22.159Z debug: SUCCESS REQ: 200 - GET /api/v1/roles/roleDropdown - 66.750 ms
2024-04-30T14:28:22.236Z debug: SUCCESS REQ: 200 - GET /api/v1/adminUser/get/1 - 122.949 ms
2024-04-30T14:28:57.277Z debug: SUCCESS REQ: 200 - GET /api/v1/adminUser/get/1 - 55.785 ms
2024-04-30T14:29:04.552Z debug: SUCCESS REQ: 200 - GET /api/v1/adminUser/get/2 - 12.109 ms
2024-04-30T14:31:41.150Z debug: ERROR REQ: 404 - GET /api/v1/roles/dropdownRoles - 6.711 ms
2024-04-30T14:31:55.935Z debug: SUCCESS REQ: 200 - GET /api/v1/roles/roleDropdown - 79.341 ms
2024-04-30T14:32:17.550Z debug: SUCCESS REQ: 200 - GET /api/v1/adminUser/get/1 - 142.888 ms
2024-04-30T14:34:58.231Z debug: SUCCESS REQ: 200 - POST /api/v1/adminUser/create - 120.176 ms
2024-04-30T14:36:29.015Z debug: ERROR REQ: 409 - POST /api/v1/adminUser/create - 70.070 ms
2024-04-30T14:36:34.726Z debug: ERROR REQ: 409 - POST /api/v1/adminUser/create - 10.562 ms
2024-04-30T14:36:40.049Z debug: SUCCESS REQ: 200 - POST /api/v1/adminUser/create - 18.553 ms
2024-04-30T14:42:03.973Z debug: ERROR REQ: 409 - POST /api/v1/adminUser/create - 56.369 ms
2024-04-30T14:42:28.157Z debug: SUCCESS REQ: 200 - POST /api/v1/adminUser/create - 478.102 ms
2024-04-30T14:47:52.798Z debug: SUCCESS REQ: 200 - POST /api/v1/adminUser/create - 69.966 ms
2024-04-30T14:48:32.125Z debug: SUCCESS REQ: 200 - POST /api/v1/adminUser/create - 74.412 ms
2024-04-30T14:48:56.662Z debug: SUCCESS REQ: 200 - POST /api/v1/adminUser/create - 76.328 ms
2024-04-30T14:49:27.039Z debug: SUCCESS REQ: 200 - POST /api/v1/adminUser/create - 99.291 ms
2024-04-30T14:50:19.638Z debug: SUCCESS REQ: 200 - POST /api/v1/adminUser/create - 82.607 ms
2024-04-30T14:51:12.613Z debug: ERROR REQ: 404 - POST /api/v1/adminUser/create - 115.910 ms
2024-04-30T14:51:33.002Z debug: SUCCESS REQ: 200 - GET /api/v1/adminUser/get/10 - 90.742 ms
2024-04-30T14:51:39.921Z debug: SUCCESS REQ: 200 - GET /api/v1/adminUser/get/11 - 11.949 ms
2024-04-30T14:51:47.100Z debug: SUCCESS REQ: 200 - GET /api/v1/adminUser/get/1 - 11.047 ms
2024-04-30T14:54:31.719Z debug: SUCCESS REQ: 200 - GET /api/v1/adminUser/getAll - 79.560 ms
2024-04-30T14:54:53.403Z debug: SUCCESS REQ: 200 - GET /api/v1/adminUser/getAll?page=1&pageSize=5 - 119.924 ms
2024-04-30T14:56:13.626Z debug: SUCCESS REQ: 200 - GET /api/v1/adminUser/getAll?page=1&pageSize=5 - 64.864 ms
2024-04-30T15:02:55.570Z debug: ERROR REQ: 401 - GET /api/v1/adminUser/get/1 - 10.160 ms
2024-04-30T15:02:59.846Z debug: SUCCESS REQ: 200 - POST /api/v1/auth/login - 105.681 ms
2024-04-30T15:03:01.865Z debug: SUCCESS REQ: 200 - GET /api/v1/adminUser/get/1 - 15.060 ms
2024-04-30T15:03:08.096Z debug: SUCCESS REQ: 200 - GET /api/v1/adminUser/getAll?page=1&pageSize=5 - 22.880 ms
2024-04-30T15:03:58.219Z debug: SUCCESS REQ: 200 - GET /api/v1/adminUser/getAll?page=1&pageSize=5 - 65.193 ms
2024-04-30T15:04:10.910Z debug: SUCCESS REQ: 200 - GET /api/v1/adminUser/getAll?page=2&pageSize=5 - 79.455 ms
2024-04-30T15:04:29.961Z debug: SUCCESS REQ: 200 - GET /api/v1/adminUser/getAll?page=2&pageSize=5&id=ASC - 78.169 ms
2024-04-30T15:04:38.126Z debug: SUCCESS REQ: 200 - GET /api/v1/adminUser/getAll?id=ASC - 18.864 ms
2024-04-30T15:04:43.821Z debug: SUCCESS REQ: 200 - GET /api/v1/adminUser/getAll?firstName=ASC - 25.691 ms
2024-04-30T15:04:48.933Z debug: SUCCESS REQ: 200 - GET /api/v1/adminUser/getAll?email=DESC - 12.918 ms
2024-04-30T15:04:56.597Z debug: ERROR REQ: 404 - GET /api/v1/adminUser/getAll?userStatus=false - 11.268 ms
2024-04-30T15:05:14.767Z debug: SUCCESS REQ: 200 - GET /api/v1/adminUser/getAll?userStatus=false - 80.026 ms
2024-04-30T15:05:22.528Z debug: SUCCESS REQ: 200 - GET /api/v1/adminUser/getAll?search=mo - 19.531 ms
2024-04-30T15:05:29.839Z debug: SUCCESS REQ: 200 - GET /api/v1/adminUser/getAll?search=j - 10.410 ms
2024-04-30T15:05:36.870Z debug: ERROR REQ: 404 - GET /api/v1/adminUser/getAll?search=35 - 10.532 ms
2024-04-30T15:05:42.115Z debug: ERROR REQ: 404 - GET /api/v1/adminUser/getAll?search=33 - 10.314 ms
2024-04-30T15:06:00.969Z debug: SUCCESS REQ: 200 - GET /api/v1/adminUser/getAll?search=23 - 79.981 ms
2024-04-30T15:06:22.368Z debug: SUCCESS REQ: 200 - GET /api/v1/adminUser/getAll?search=gam - 74.003 ms
2024-04-30T15:07:01.432Z debug: SUCCESS REQ: 200 - GET /api/v1/adminUser/getAll - 164.697 ms
2024-04-30T15:07:05.688Z debug: SUCCESS REQ: 200 - GET /api/v1/adminUser/getAll?roleId=1 - 18.287 ms
2024-04-30T15:07:12.410Z debug: SUCCESS REQ: 200 - GET /api/v1/adminUser/getAll?roleId=4 - 19.865 ms
2024-04-30T15:07:19.308Z debug: SUCCESS REQ: 200 - GET /api/v1/adminUser/getAll?roleId=2 - 20.521 ms
2024-04-30T15:07:26.175Z debug: SUCCESS REQ: 200 - GET /api/v1/adminUser/getAll?userStatus=false - 16.145 ms
2024-04-30T15:08:04.247Z debug: SUCCESS REQ: 200 - PUT /api/v1/adminUser/updateStatus/7 - 105.752 ms
2024-04-30T15:21:58.241Z debug: SUCCESS REQ: 200 - GET /api/v1/roles/getall - 133.057 ms
2024-04-30T15:22:15.603Z debug: SUCCESS REQ: 200 - GET /api/v1/roles/userDropdown - 71.971 ms
2024-04-30T15:22:23.025Z debug: SUCCESS REQ: 200 - GET /api/v1/roles/roleDropdown - 11.527 ms
2024-04-30T15:22:29.445Z debug: SUCCESS REQ: 200 - GET /api/v1/roles/featureDropdown/3 - 19.487 ms
2024-04-30T15:22:34.977Z debug: SUCCESS REQ: 200 - GET /api/v1/roles/moduleDropdown - 6.048 ms
2024-04-30T15:22:53.633Z debug: SUCCESS REQ: 200 - GET /api/v1/adminUser/getAll - 81.962 ms
2024-04-30T15:23:08.519Z debug: SUCCESS REQ: 200 - GET /api/v1/adminUser/getAll - 95.590 ms
2024-04-30T15:23:13.572Z debug: SUCCESS REQ: 200 - GET /api/v1/adminUser/getAll?search=gam - 18.510 ms
2024-04-30T15:23:18.172Z debug: SUCCESS REQ: 200 - GET /api/v1/adminUser/getAll?roleId=2 - 12.827 ms
2024-04-30T15:23:26.531Z debug: SUCCESS REQ: 200 - PUT /api/v1/adminUser/updateUser/6 - 48.392 ms
2024-04-30T15:23:47.741Z debug: ERROR REQ: 404 - DELETE /api/v1/adminUser/delete/11 - 73.875 ms
2024-04-30T15:24:01.571Z debug: SUCCESS REQ: 200 - DELETE /api/v1/adminUser/delete/11 - 75.070 ms
2024-04-30T15:28:10.150Z debug: SUCCESS REQ: 200 - GET /api/v1/roles/getall - 123.428 ms
2024-04-30T16:03:31.769Z debug: ERROR REQ: 401 - GET /api/v1/roles/getall - 10.700 ms
2024-04-30T16:03:33.580Z debug: ERROR REQ: 401 - GET /api/v1/roles/getall - 4.503 ms
2024-04-30T16:03:35.468Z debug: SUCCESS REQ: 200 - POST /api/v1/auth/login - 182.353 ms
2024-04-30T16:03:37.220Z debug: SUCCESS REQ: 200 - GET /api/v1/roles/getall - 55.719 ms
2024-04-30T16:27:53.222Z debug: SUCCESS REQ: 200 - GET /api/v1/adminUser/get/1 - 96.978 ms
2024-04-30T16:28:00.660Z debug: SUCCESS REQ: 200 - GET /api/v1/adminUser/get/2 - 12.299 ms
2024-04-30T16:28:04.374Z debug: SUCCESS REQ: 200 - GET /api/v1/adminUser/get/3 - 12.160 ms
2024-04-30T16:28:08.310Z debug: SUCCESS REQ: 200 - GET /api/v1/adminUser/get/4 - 8.456 ms
2024-04-30T16:28:12.785Z debug: SUCCESS REQ: 200 - GET /api/v1/adminUser/get/6 - 9.394 ms
2024-04-30T16:28:17.293Z debug: SUCCESS REQ: 200 - GET /api/v1/adminUser/get/1 - 10.117 ms
2024-04-30T16:28:22.122Z debug: SUCCESS REQ: 200 - GET /api/v1/adminUser/getAll - 21.984 ms
