2024-05-08T06:23:41.081Z debug: ERROR REQ: 401 - GET /api/v1/user/get/2 - 8.774 ms
2024-05-08T06:23:46.142Z debug: SUCCESS REQ: 200 - POST /api/v1/auth/login - 297.458 ms
2024-05-08T06:23:48.418Z debug: SUCCESS REQ: 200 - GET /api/v1/user/get/2 - 20.044 ms
2024-05-08T06:24:58.667Z debug: SUCCESS REQ: 200 - GET /api/v1/user/get/2 - 56.541 ms
2024-05-08T06:27:36.161Z debug: SUCCESS REQ: 200 - GET /api/v1/user/get/2 - 55.365 ms
2024-05-08T06:28:22.203Z debug: SUCCESS REQ: 200 - GET /api/v1/user/get/2 - 54.569 ms
2024-05-08T06:28:45.945Z debug: SUCCESS REQ: 200 - GET /api/v1/user/get/2 - 44.885 ms
2024-05-08T07:03:29.222Z debug: ERROR REQ: 401 - DELETE /api/v1/user/delete/1 - 18.422 ms
2024-05-08T07:03:37.102Z debug: ERROR REQ: 401 - POST /api/v1/auth/login - 22.521 ms
2024-05-08T09:31:01.225Z debug: ERROR REQ: 401 - GET /api/v1/user/all - 5.443 ms
2024-05-08T09:31:05.137Z debug: SUCCESS REQ: 200 - POST /api/v1/auth/login - 151.346 ms
2024-05-08T09:31:07.559Z debug: SUCCESS REQ: 200 - GET /api/v1/user/all - 22.688 ms
2024-05-08T09:31:30.391Z debug: SUCCESS REQ: 200 - DELETE /api/v1/user/delete/1 - 82.509 ms
2024-05-08T09:32:08.060Z debug: SUCCESS REQ: 200 - DELETE /api/v1/user/delete/2 - 63.547 ms
2024-05-08T09:32:29.722Z debug: SUCCESS REQ: 200 - DELETE /api/v1/user/delete/3 - 59.213 ms
2024-05-08T09:33:46.840Z debug: SUCCESS REQ: 200 - POST /api/v1/document/createDocument - 100.581 ms
2024-05-08T09:35:48.178Z debug: SUCCESS REQ: 200 - GET /api/v1/user/all - 69.949 ms
2024-05-08T09:35:51.931Z debug: SUCCESS REQ: 200 - GET /api/v1/user/get/2 - 19.761 ms
2024-05-08T09:37:55.528Z debug: SUCCESS REQ: 200 - GET /api/v1/user/all - 63.857 ms
2024-05-08T09:39:00.258Z debug: ERROR REQ: 404 - GET /api/v1/user/all?page=2 - 81.241 ms
2024-05-08T09:39:08.956Z debug: SUCCESS REQ: 200 - GET /api/v1/user/all - 25.435 ms
2024-05-08T09:40:25.315Z debug: SUCCESS REQ: 200 - GET /api/v1/user/all?id=ASC - 71.370 ms
2024-05-08T09:41:06.527Z debug: SUCCESS REQ: 200 - GET /api/v1/user/all?id=ASC - 50.738 ms
2024-05-08T09:42:26.261Z debug: SUCCESS REQ: 200 - GET /api/v1/user/all?id=ASC - 50.930 ms
2024-05-08T13:55:54.863Z debug: SUCCESS REQ: 200 - GET /api/v1/dashboard/details - 87.596 ms
2024-05-08T13:56:03.889Z debug: SUCCESS REQ: 200 - GET /api/v1/dashboard/courseOverview - 128.891 ms
