2024-05-06T05:18:35.385Z debug: ERROR REQ: 401 - GET /api/v1/roles/getall - 9.181 ms
2024-05-06T05:18:43.792Z debug: SUCCESS REQ: 200 - POST /api/v1/auth/login - 345.116 ms
2024-05-06T05:18:49.936Z debug: SUCCESS REQ: 200 - GET /api/v1/roles/getall - 36.286 ms
2024-05-06T06:18:04.107Z debug: SUCCESS REQ: 204 - OPTIONS /api/v1/auth/login - 1.367 ms
2024-05-06T06:18:04.255Z debug: SUCCESS REQ: 200 - POST /api/v1/auth/login - 145.147 ms
2024-05-06T06:18:04.310Z debug: SUCCESS REQ: 204 - OPTIONS /api/v1/adminUser/getById - 0.311 ms
2024-05-06T06:18:04.314Z debug: SUCCESS REQ: 204 - OPTIONS /api/v1/adminUser/getById - 0.214 ms
2024-05-06T06:18:04.378Z debug: SUCCESS REQ: 204 - OPTIONS /api/v1/dashboard/courseOverview - 0.158 ms
2024-05-06T06:18:04.380Z debug: SUCCESS REQ: 204 - OPTIONS /api/v1/dashboard/details - 0.130 ms
2024-05-06T06:18:04.384Z debug: SUCCESS REQ: 204 - OPTIONS /api/v1/dashboard/courseOverview - 0.138 ms
2024-05-06T06:18:04.387Z debug: SUCCESS REQ: 204 - OPTIONS /api/v1/dashboard/details - 0.140 ms
2024-05-06T06:18:04.490Z debug: SUCCESS REQ: 200 - GET /api/v1/dashboard/courseOverview - 79.568 ms
2024-05-06T06:18:04.499Z debug: SUCCESS REQ: 200 - GET /api/v1/dashboard/details - 84.251 ms
2024-05-06T06:18:04.519Z debug: SUCCESS REQ: 304 - GET /api/v1/dashboard/courseOverview - 15.112 ms
2024-05-06T06:18:04.535Z debug: SUCCESS REQ: 304 - GET /api/v1/dashboard/details - 13.150 ms
2024-05-06T06:20:30.601Z debug: SUCCESS REQ: 204 - OPTIONS /api/v1/login/logout - 0.139 ms
2024-05-06T06:20:30.607Z debug: ERROR REQ: 404 - POST /api/v1/login/logout - 3.225 ms
2024-05-06T06:21:17.773Z debug: SUCCESS REQ: 204 - OPTIONS /api/v1/auth/login - 0.143 ms
2024-05-06T06:21:17.893Z debug: SUCCESS REQ: 200 - POST /api/v1/auth/login - 117.379 ms
2024-05-06T06:21:17.952Z debug: SUCCESS REQ: 204 - OPTIONS /api/v1/adminUser/getById - 1.947 ms
2024-05-06T06:21:17.965Z debug: SUCCESS REQ: 204 - OPTIONS /api/v1/adminUser/getById - 0.235 ms
2024-05-06T06:21:18.014Z debug: SUCCESS REQ: 204 - OPTIONS /api/v1/dashboard/courseOverview - 0.298 ms
2024-05-06T06:21:18.019Z debug: SUCCESS REQ: 204 - OPTIONS /api/v1/dashboard/details - 0.168 ms
2024-05-06T06:21:18.024Z debug: SUCCESS REQ: 204 - OPTIONS /api/v1/dashboard/details - 0.154 ms
2024-05-06T06:21:18.085Z debug: SUCCESS REQ: 304 - GET /api/v1/dashboard/courseOverview - 31.594 ms
2024-05-06T06:21:18.111Z debug: SUCCESS REQ: 304 - GET /api/v1/dashboard/details - 46.412 ms
2024-05-06T06:21:18.202Z debug: SUCCESS REQ: 304 - GET /api/v1/dashboard/courseOverview - 64.661 ms
2024-05-06T06:21:18.239Z debug: SUCCESS REQ: 304 - GET /api/v1/dashboard/details - 83.309 ms
2024-05-06T06:43:02.723Z debug: ERROR REQ: 401 - GET /api/v1/adminUser/get/10 - 2.260 ms
2024-05-06T06:43:06.991Z debug: SUCCESS REQ: 200 - POST /api/v1/auth/login - 92.160 ms
2024-05-06T06:43:09.240Z debug: ERROR REQ: 404 - GET /api/v1/adminUser/get/10 - 9.550 ms
2024-05-06T06:43:14.177Z debug: SUCCESS REQ: 200 - GET /api/v1/adminUser/get/1 - 8.110 ms
2024-05-06T07:02:33.940Z debug: SUCCESS REQ: 204 - OPTIONS /api/v1/adminUser/get - 0.172 ms
2024-05-06T07:02:33.995Z debug: SUCCESS REQ: 204 - OPTIONS /api/v1/adminUser/get - 0.170 ms
2024-05-06T07:02:34.090Z debug: SUCCESS REQ: 204 - OPTIONS /api/v1/dashboard/details - 0.181 ms
2024-05-06T07:02:34.146Z debug: SUCCESS REQ: 204 - OPTIONS /api/v1/dashboard/courseOverview - 0.101 ms
2024-05-06T07:02:34.162Z debug: SUCCESS REQ: 204 - OPTIONS /api/v1/dashboard/details - 0.795 ms
2024-05-06T07:02:34.169Z debug: SUCCESS REQ: 204 - OPTIONS /api/v1/dashboard/courseOverview - 0.100 ms
2024-05-06T07:02:34.237Z debug: ERROR REQ: 404 - GET /api/v1/adminUser/get - 127.310 ms
2024-05-06T07:02:34.265Z debug: SUCCESS REQ: 304 - GET /api/v1/dashboard/courseOverview - 108.160 ms
2024-05-06T07:02:34.297Z debug: SUCCESS REQ: 304 - GET /api/v1/dashboard/details - 181.396 ms
2024-05-06T07:02:34.377Z debug: SUCCESS REQ: 304 - GET /api/v1/dashboard/courseOverview - 21.108 ms
2024-05-06T07:02:34.528Z debug: ERROR REQ: 404 - GET /api/v1/adminUser/get - 6.058 ms
2024-05-06T07:02:34.615Z debug: SUCCESS REQ: 304 - GET /api/v1/dashboard/details - 90.353 ms
2024-05-06T07:03:56.486Z debug: SUCCESS REQ: 204 - OPTIONS /api/v1/adminUser/getById - 0.171 ms
2024-05-06T07:07:31.494Z debug: SUCCESS REQ: 204 - OPTIONS /api/v1/adminUser/getById - 0.185 ms
2024-05-06T07:07:31.503Z debug: SUCCESS REQ: 204 - OPTIONS /api/v1/adminUser/getById - 0.196 ms
2024-05-06T07:07:44.552Z debug: SUCCESS REQ: 204 - OPTIONS /api/v1/adminUser/get/undefined - 0.109 ms
2024-05-06T07:07:52.627Z debug: SUCCESS REQ: 204 - OPTIONS /api/v1/adminUser/get/undefined - 0.107 ms
2024-05-06T07:07:52.629Z debug: SUCCESS REQ: 204 - OPTIONS /api/v1/adminUser/get/undefined - 0.409 ms
2024-05-06T07:07:52.631Z debug: SUCCESS REQ: 204 - OPTIONS /api/v1/dashboard/courseOverview - 0.164 ms
2024-05-06T07:07:52.633Z debug: SUCCESS REQ: 204 - OPTIONS /api/v1/dashboard/courseOverview - 0.105 ms
2024-05-06T07:07:52.635Z debug: SUCCESS REQ: 204 - OPTIONS /api/v1/dashboard/details - 0.105 ms
2024-05-06T07:07:52.637Z debug: SUCCESS REQ: 204 - OPTIONS /api/v1/dashboard/details - 0.097 ms
2024-05-06T07:07:52.745Z debug: SUCCESS REQ: 304 - GET /api/v1/dashboard/courseOverview - 21.109 ms
2024-05-06T07:07:52.787Z debug: SUCCESS REQ: 304 - GET /api/v1/dashboard/details - 17.462 ms
2024-05-06T07:07:52.841Z debug: SUCCESS REQ: 304 - GET /api/v1/dashboard/courseOverview - 14.129 ms
2024-05-06T07:07:52.874Z debug: SUCCESS REQ: 304 - GET /api/v1/dashboard/details - 11.737 ms
2024-05-06T07:09:36.537Z debug: SUCCESS REQ: 204 - OPTIONS /api/v1/adminUser/get/undefined - 0.100 ms
2024-05-06T07:09:36.593Z debug: SUCCESS REQ: 204 - OPTIONS /api/v1/dashboard/courseOverview - 0.101 ms
2024-05-06T07:09:36.619Z debug: SUCCESS REQ: 304 - GET /api/v1/dashboard/courseOverview - 24.192 ms
2024-05-06T07:09:36.673Z debug: SUCCESS REQ: 204 - OPTIONS /api/v1/dashboard/details - 0.104 ms
2024-05-06T07:09:36.944Z debug: SUCCESS REQ: 304 - GET /api/v1/dashboard/courseOverview - 19.228 ms
2024-05-06T07:09:37.305Z debug: SUCCESS REQ: 304 - GET /api/v1/dashboard/details - 29.837 ms
2024-05-06T07:09:37.607Z debug: SUCCESS REQ: 304 - GET /api/v1/dashboard/details - 34.267 ms
2024-05-06T07:09:43.388Z debug: SUCCESS REQ: 204 - OPTIONS /api/v1/adminUser/get/undefined - 0.110 ms
2024-05-06T07:09:43.393Z debug: SUCCESS REQ: 204 - OPTIONS /api/v1/dashboard/courseOverview - 0.104 ms
2024-05-06T07:09:43.395Z debug: SUCCESS REQ: 204 - OPTIONS /api/v1/adminUser/get/undefined - 0.101 ms
2024-05-06T07:09:43.398Z debug: SUCCESS REQ: 204 - OPTIONS /api/v1/dashboard/details - 0.100 ms
2024-05-06T07:09:43.399Z debug: SUCCESS REQ: 204 - OPTIONS /api/v1/dashboard/courseOverview - 0.092 ms
2024-05-06T07:09:43.401Z debug: SUCCESS REQ: 204 - OPTIONS /api/v1/dashboard/details - 0.096 ms
2024-05-06T07:09:43.465Z debug: SUCCESS REQ: 304 - GET /api/v1/dashboard/courseOverview - 20.121 ms
2024-05-06T07:09:43.487Z debug: SUCCESS REQ: 304 - GET /api/v1/dashboard/details - 15.982 ms
2024-05-06T07:09:43.519Z debug: SUCCESS REQ: 304 - GET /api/v1/dashboard/courseOverview - 22.935 ms
2024-05-06T07:09:43.582Z debug: SUCCESS REQ: 304 - GET /api/v1/dashboard/details - 23.070 ms
2024-05-06T07:10:21.567Z debug: SUCCESS REQ: 204 - OPTIONS /api/v1/adminUser/get/undefined - 0.104 ms
2024-05-06T07:14:03.482Z debug: SUCCESS REQ: 204 - OPTIONS /api/v1/adminUser/get/1 - 0.200 ms
2024-05-06T07:14:03.555Z debug: SUCCESS REQ: 200 - GET /api/v1/adminUser/get/1 - 70.730 ms
2024-05-06T07:14:03.626Z debug: SUCCESS REQ: 304 - GET /api/v1/adminUser/get/1 - 7.568 ms
2024-05-06T07:14:15.338Z debug: SUCCESS REQ: 204 - OPTIONS /api/v1/adminUser/get/1 - 0.103 ms
2024-05-06T07:14:15.340Z debug: SUCCESS REQ: 204 - OPTIONS /api/v1/adminUser/get/1 - 0.117 ms
2024-05-06T07:14:15.343Z debug: SUCCESS REQ: 204 - OPTIONS /api/v1/dashboard/courseOverview - 0.125 ms
2024-05-06T07:14:15.346Z debug: SUCCESS REQ: 204 - OPTIONS /api/v1/dashboard/courseOverview - 0.097 ms
2024-05-06T07:14:15.347Z debug: SUCCESS REQ: 204 - OPTIONS /api/v1/dashboard/details - 0.089 ms
2024-05-06T07:14:15.348Z debug: SUCCESS REQ: 204 - OPTIONS /api/v1/dashboard/details - 0.155 ms
2024-05-06T07:14:15.522Z debug: SUCCESS REQ: 304 - GET /api/v1/adminUser/get/1 - 168.432 ms
2024-05-06T07:14:15.536Z debug: SUCCESS REQ: 304 - GET /api/v1/dashboard/courseOverview - 145.087 ms
2024-05-06T07:14:15.542Z debug: SUCCESS REQ: 304 - GET /api/v1/dashboard/details - 154.663 ms
2024-05-06T07:14:15.610Z debug: SUCCESS REQ: 304 - GET /api/v1/adminUser/get/1 - 15.820 ms
2024-05-06T07:14:15.640Z debug: SUCCESS REQ: 304 - GET /api/v1/dashboard/details - 17.975 ms
2024-05-06T07:14:15.683Z debug: SUCCESS REQ: 304 - GET /api/v1/dashboard/courseOverview - 63.816 ms
2024-05-06T07:19:14.630Z debug: SUCCESS REQ: 204 - OPTIONS /api/v1/adminUser/getById - 1.728 ms
2024-05-06T07:19:14.636Z debug: SUCCESS REQ: 204 - OPTIONS /api/v1/adminUser/getById - 0.505 ms
2024-05-06T07:19:14.778Z debug: SUCCESS REQ: 200 - GET /api/v1/adminUser/getById - 137.027 ms
2024-05-06T07:19:14.791Z debug: SUCCESS REQ: 304 - GET /api/v1/adminUser/getById - 10.523 ms
2024-05-06T07:19:14.850Z debug: SUCCESS REQ: 304 - GET /api/v1/adminUser/getById - 10.805 ms
2024-05-06T07:19:39.930Z debug: SUCCESS REQ: 204 - OPTIONS /api/v1/adminUser/getById - 0.178 ms
2024-05-06T07:19:39.933Z debug: SUCCESS REQ: 204 - OPTIONS /api/v1/dashboard/details - 0.124 ms
2024-05-06T07:19:39.943Z debug: SUCCESS REQ: 204 - OPTIONS /api/v1/adminUser/getById - 0.169 ms
2024-05-06T07:19:39.945Z debug: SUCCESS REQ: 204 - OPTIONS /api/v1/dashboard/courseOverview - 0.143 ms
2024-05-06T07:19:39.948Z debug: SUCCESS REQ: 204 - OPTIONS /api/v1/dashboard/courseOverview - 0.122 ms
2024-05-06T07:19:39.950Z debug: SUCCESS REQ: 204 - OPTIONS /api/v1/dashboard/details - 0.135 ms
2024-05-06T07:19:40.216Z debug: SUCCESS REQ: 304 - GET /api/v1/adminUser/getById - 263.502 ms
2024-05-06T07:19:40.224Z debug: SUCCESS REQ: 304 - GET /api/v1/dashboard/courseOverview - 245.508 ms
2024-05-06T07:19:40.231Z debug: SUCCESS REQ: 304 - GET /api/v1/dashboard/details - 295.922 ms
2024-05-06T07:19:40.289Z debug: SUCCESS REQ: 304 - GET /api/v1/adminUser/getById - 36.468 ms
2024-05-06T07:19:40.332Z debug: SUCCESS REQ: 304 - GET /api/v1/adminUser/getById - 26.703 ms
2024-05-06T07:19:40.340Z debug: SUCCESS REQ: 304 - GET /api/v1/dashboard/courseOverview - 42.387 ms
2024-05-06T07:19:40.355Z debug: SUCCESS REQ: 304 - GET /api/v1/dashboard/details - 51.329 ms
2024-05-06T07:19:51.742Z debug: SUCCESS REQ: 204 - OPTIONS /api/v1/adminUser/getById - 0.165 ms
2024-05-06T07:19:51.745Z debug: SUCCESS REQ: 204 - OPTIONS /api/v1/adminUser/getById - 0.285 ms
2024-05-06T07:19:51.749Z debug: SUCCESS REQ: 204 - OPTIONS /api/v1/dashboard/courseOverview - 0.216 ms
2024-05-06T07:19:51.752Z debug: SUCCESS REQ: 204 - OPTIONS /api/v1/dashboard/courseOverview - 0.230 ms
2024-05-06T07:19:51.754Z debug: SUCCESS REQ: 204 - OPTIONS /api/v1/dashboard/details - 0.153 ms
2024-05-06T07:19:51.761Z debug: SUCCESS REQ: 204 - OPTIONS /api/v1/dashboard/details - 0.143 ms
2024-05-06T07:19:52.021Z debug: SUCCESS REQ: 304 - GET /api/v1/adminUser/getById - 205.877 ms
2024-05-06T07:19:52.031Z debug: SUCCESS REQ: 304 - GET /api/v1/dashboard/courseOverview - 184.834 ms
2024-05-06T07:19:52.036Z debug: SUCCESS REQ: 304 - GET /api/v1/dashboard/details - 197.454 ms
2024-05-06T07:19:52.141Z debug: SUCCESS REQ: 304 - GET /api/v1/dashboard/courseOverview - 20.530 ms
2024-05-06T07:19:52.150Z debug: SUCCESS REQ: 304 - GET /api/v1/adminUser/getById - 33.238 ms
2024-05-06T07:19:52.163Z debug: SUCCESS REQ: 304 - GET /api/v1/dashboard/details - 39.710 ms
2024-05-06T07:19:52.271Z debug: SUCCESS REQ: 304 - GET /api/v1/adminUser/getById - 10.227 ms
2024-05-06T07:28:05.720Z debug: SUCCESS REQ: 204 - OPTIONS /api/v1/login/logout - 0.518 ms
2024-05-06T07:28:05.751Z debug: ERROR REQ: 404 - POST /api/v1/login/logout - 25.907 ms
2024-05-06T07:28:07.618Z debug: SUCCESS REQ: 204 - OPTIONS /api/v1/auth/login - 0.153 ms
2024-05-06T07:28:07.788Z debug: SUCCESS REQ: 200 - POST /api/v1/auth/login - 165.571 ms
2024-05-06T07:28:07.831Z debug: SUCCESS REQ: 204 - OPTIONS /api/v1/adminUser/getById - 0.219 ms
2024-05-06T07:28:07.842Z debug: SUCCESS REQ: 204 - OPTIONS /api/v1/adminUser/getById - 0.127 ms
2024-05-06T07:28:07.860Z debug: SUCCESS REQ: 304 - GET /api/v1/adminUser/getById - 10.345 ms
2024-05-06T07:28:07.873Z debug: SUCCESS REQ: 304 - GET /api/v1/adminUser/getById - 10.064 ms
2024-05-06T07:28:07.886Z debug: SUCCESS REQ: 204 - OPTIONS /api/v1/dashboard/courseOverview - 0.110 ms
2024-05-06T07:28:07.889Z debug: SUCCESS REQ: 204 - OPTIONS /api/v1/dashboard/courseOverview - 0.118 ms
2024-05-06T07:28:07.892Z debug: SUCCESS REQ: 204 - OPTIONS /api/v1/dashboard/details - 0.108 ms
2024-05-06T07:28:07.940Z debug: SUCCESS REQ: 304 - GET /api/v1/dashboard/courseOverview - 24.832 ms
2024-05-06T07:28:08.031Z debug: SUCCESS REQ: 304 - GET /api/v1/dashboard/details - 30.416 ms
2024-05-06T07:28:08.043Z debug: SUCCESS REQ: 304 - GET /api/v1/dashboard/courseOverview - 30.147 ms
2024-05-06T07:28:08.260Z debug: SUCCESS REQ: 304 - GET /api/v1/dashboard/details - 12.515 ms
2024-05-06T07:47:40.510Z debug: SUCCESS REQ: 204 - OPTIONS /api/v1/adminUser/getById - 2.678 ms
2024-05-06T07:47:40.588Z debug: SUCCESS REQ: 304 - GET /api/v1/adminUser/getById - 74.029 ms
2024-05-06T07:47:51.881Z debug: SUCCESS REQ: 204 - OPTIONS /api/v1/adminUser/getById - 0.376 ms
2024-05-06T07:47:51.886Z debug: SUCCESS REQ: 204 - OPTIONS /api/v1/dashboard/courseOverview - 0.179 ms
2024-05-06T07:47:51.889Z debug: SUCCESS REQ: 204 - OPTIONS /api/v1/dashboard/courseOverview - 0.209 ms
2024-05-06T07:47:51.894Z debug: SUCCESS REQ: 204 - OPTIONS /api/v1/adminUser/getById - 0.236 ms
2024-05-06T07:47:51.897Z debug: SUCCESS REQ: 204 - OPTIONS /api/v1/dashboard/details - 0.151 ms
2024-05-06T07:47:51.900Z debug: SUCCESS REQ: 204 - OPTIONS /api/v1/dashboard/details - 0.139 ms
2024-05-06T07:47:52.178Z debug: SUCCESS REQ: 304 - GET /api/v1/adminUser/getById - 252.917 ms
2024-05-06T07:47:52.243Z debug: SUCCESS REQ: 304 - GET /api/v1/dashboard/courseOverview - 313.260 ms
2024-05-06T07:47:52.268Z debug: SUCCESS REQ: 304 - GET /api/v1/dashboard/details - 331.892 ms
2024-05-06T07:47:52.311Z debug: SUCCESS REQ: 304 - GET /api/v1/adminUser/getById - 56.257 ms
2024-05-06T07:47:52.318Z debug: SUCCESS REQ: 304 - GET /api/v1/dashboard/courseOverview - 31.603 ms
2024-05-06T07:47:52.439Z debug: SUCCESS REQ: 304 - GET /api/v1/adminUser/getById - 75.954 ms
2024-05-06T07:47:52.459Z debug: SUCCESS REQ: 304 - GET /api/v1/dashboard/details - 106.391 ms
2024-05-06T07:48:15.045Z debug: ERROR REQ: 401 - GET /api/v1/adminUser/getById - 2.183 ms
2024-05-06T07:48:19.591Z debug: SUCCESS REQ: 200 - POST /api/v1/auth/login - 124.007 ms
2024-05-06T07:48:21.421Z debug: SUCCESS REQ: 200 - GET /api/v1/adminUser/getById - 7.193 ms
2024-05-06T07:48:51.495Z debug: SUCCESS REQ: 204 - OPTIONS /api/v1/adminUser/getById - 0.189 ms
2024-05-06T07:48:51.557Z debug: SUCCESS REQ: 304 - GET /api/v1/adminUser/getById - 60.209 ms
2024-05-06T07:49:15.034Z debug: SUCCESS REQ: 204 - OPTIONS /api/v1/adminUser/getById - 0.246 ms
2024-05-06T07:49:15.038Z debug: SUCCESS REQ: 204 - OPTIONS /api/v1/dashboard/details - 0.299 ms
2024-05-06T07:49:15.040Z debug: SUCCESS REQ: 204 - OPTIONS /api/v1/adminUser/getById - 0.224 ms
2024-05-06T07:49:15.043Z debug: SUCCESS REQ: 204 - OPTIONS /api/v1/dashboard/courseOverview - 0.167 ms
2024-05-06T07:49:15.044Z debug: SUCCESS REQ: 204 - OPTIONS /api/v1/dashboard/courseOverview - 0.132 ms
2024-05-06T07:49:15.046Z debug: SUCCESS REQ: 204 - OPTIONS /api/v1/dashboard/details - 0.134 ms
2024-05-06T07:49:15.351Z debug: SUCCESS REQ: 304 - GET /api/v1/adminUser/getById - 265.667 ms
2024-05-06T07:49:15.354Z debug: SUCCESS REQ: 304 - GET /api/v1/dashboard/courseOverview - 262.000 ms
2024-05-06T07:49:15.366Z debug: SUCCESS REQ: 304 - GET /api/v1/dashboard/details - 277.509 ms
2024-05-06T07:49:15.422Z debug: SUCCESS REQ: 304 - GET /api/v1/adminUser/getById - 10.224 ms
2024-05-06T07:49:15.443Z debug: SUCCESS REQ: 304 - GET /api/v1/dashboard/courseOverview - 15.977 ms
2024-05-06T07:49:15.533Z debug: SUCCESS REQ: 304 - GET /api/v1/dashboard/details - 21.591 ms
2024-05-06T07:49:15.607Z debug: SUCCESS REQ: 304 - GET /api/v1/adminUser/getById - 15.260 ms
2024-05-06T07:50:41.117Z debug: SUCCESS REQ: 204 - OPTIONS /api/v1/adminUser/getById - 0.164 ms
2024-05-06T07:50:41.192Z debug: SUCCESS REQ: 304 - GET /api/v1/adminUser/getById - 64.260 ms
2024-05-06T07:50:56.300Z debug: SUCCESS REQ: 204 - OPTIONS /api/v1/adminUser/getById - 0.157 ms
2024-05-06T07:50:56.317Z debug: SUCCESS REQ: 204 - OPTIONS /api/v1/dashboard/courseOverview - 0.113 ms
2024-05-06T07:50:56.340Z debug: SUCCESS REQ: 204 - OPTIONS /api/v1/adminUser/getById - 0.112 ms
2024-05-06T07:50:56.344Z debug: SUCCESS REQ: 204 - OPTIONS /api/v1/dashboard/courseOverview - 0.180 ms
2024-05-06T07:50:56.347Z debug: SUCCESS REQ: 204 - OPTIONS /api/v1/dashboard/details - 0.121 ms
2024-05-06T07:50:56.349Z debug: SUCCESS REQ: 204 - OPTIONS /api/v1/dashboard/details - 0.110 ms
2024-05-06T07:50:56.516Z debug: SUCCESS REQ: 304 - GET /api/v1/adminUser/getById - 179.240 ms
2024-05-06T07:50:56.519Z debug: SUCCESS REQ: 304 - GET /api/v1/dashboard/courseOverview - 168.878 ms
2024-05-06T07:50:56.525Z debug: SUCCESS REQ: 304 - GET /api/v1/dashboard/details - 119.298 ms
2024-05-06T07:50:56.561Z debug: SUCCESS REQ: 304 - GET /api/v1/adminUser/getById - 8.080 ms
2024-05-06T07:50:56.580Z debug: SUCCESS REQ: 304 - GET /api/v1/dashboard/courseOverview - 13.314 ms
2024-05-06T07:50:56.600Z debug: SUCCESS REQ: 304 - GET /api/v1/dashboard/details - 11.843 ms
2024-05-06T07:50:56.611Z debug: SUCCESS REQ: 304 - GET /api/v1/adminUser/getById - 7.228 ms
2024-05-06T07:51:27.479Z debug: SUCCESS REQ: 204 - OPTIONS /api/v1/adminUser/getById - 0.187 ms
2024-05-06T07:51:27.550Z debug: SUCCESS REQ: 304 - GET /api/v1/adminUser/getById - 67.253 ms
2024-05-06T07:51:27.597Z debug: SUCCESS REQ: 304 - GET /api/v1/adminUser/getById - 6.244 ms
2024-05-06T07:51:56.493Z debug: SUCCESS REQ: 204 - OPTIONS /api/v1/adminUser/getById - 0.201 ms
2024-05-06T07:51:56.560Z debug: SUCCESS REQ: 304 - GET /api/v1/adminUser/getById - 64.712 ms
2024-05-06T07:54:44.147Z debug: SUCCESS REQ: 204 - OPTIONS /api/v1/adminUser/getById - 1.617 ms
2024-05-06T07:54:44.152Z debug: SUCCESS REQ: 204 - OPTIONS /api/v1/adminUser/getById - 0.669 ms
2024-05-06T07:54:44.155Z debug: SUCCESS REQ: 204 - OPTIONS /api/v1/dashboard/courseOverview - 0.153 ms
2024-05-06T07:54:44.158Z debug: SUCCESS REQ: 204 - OPTIONS /api/v1/dashboard/courseOverview - 0.358 ms
2024-05-06T07:54:44.181Z debug: SUCCESS REQ: 204 - OPTIONS /api/v1/dashboard/details - 0.405 ms
2024-05-06T07:54:44.190Z debug: SUCCESS REQ: 204 - OPTIONS /api/v1/dashboard/details - 0.291 ms
2024-05-06T07:54:44.304Z debug: SUCCESS REQ: 304 - GET /api/v1/adminUser/getById - 143.380 ms
2024-05-06T07:54:44.306Z debug: SUCCESS REQ: 304 - GET /api/v1/dashboard/courseOverview - 108.028 ms
2024-05-06T07:54:44.357Z debug: SUCCESS REQ: 304 - GET /api/v1/dashboard/details - 146.339 ms
2024-05-06T07:54:44.369Z debug: SUCCESS REQ: 304 - GET /api/v1/dashboard/courseOverview - 52.855 ms
2024-05-06T07:54:44.375Z debug: SUCCESS REQ: 304 - GET /api/v1/adminUser/getById - 64.774 ms
2024-05-06T07:54:44.400Z debug: SUCCESS REQ: 304 - GET /api/v1/dashboard/details - 17.068 ms
2024-05-06T07:56:59.498Z debug: SUCCESS REQ: 204 - OPTIONS /api/v1/adminUser/getById - 0.293 ms
2024-05-06T07:56:59.570Z debug: SUCCESS REQ: 304 - GET /api/v1/adminUser/getById - 68.201 ms
2024-05-06T12:28:37.478Z debug: ERROR REQ: 401 - GET /api/v1/roles/featureDropdown/3 - 9.174 ms
2024-05-06T12:28:41.374Z debug: ERROR REQ: 401 - POST /api/v1/auth/login - 160.354 ms
2024-05-06T12:28:43.255Z debug: ERROR REQ: 401 - GET /api/v1/roles/featureDropdown/3 - 0.684 ms
2024-05-06T13:38:00.746Z debug: ERROR REQ: 401 - POST /api/v1/roles/get - 19.765 ms
2024-05-06T13:38:04.447Z debug: ERROR REQ: 500 - POST /api/v1/auth/login - 98.046 ms
2024-05-06T13:38:29.298Z debug: ERROR REQ: 401 - POST /api/v1/roles/get - 22.408 ms
2024-05-06T13:38:52.805Z debug: SUCCESS REQ: 200 - POST /api/v1/roles/get - 31.549 ms
2024-05-06T13:39:36.443Z debug: SUCCESS REQ: 200 - POST /api/v1/roles/get - 45.266 ms
2024-05-06T13:40:40.446Z debug: SUCCESS REQ: 200 - POST /api/v1/roles/get - 57.836 ms
2024-05-06T13:41:24.284Z debug: SUCCESS REQ: 200 - POST /api/v1/roles/get - 96.750 ms
2024-05-06T13:44:28.659Z debug: SUCCESS REQ: 200 - POST /api/v1/roles/get - 99.854 ms
2024-05-06T13:47:49.549Z debug: SUCCESS REQ: 200 - POST /api/v1/roles/get - 39.638 ms
2024-05-06T13:48:32.682Z debug: SUCCESS REQ: 200 - POST /api/v1/roles/get - 33.367 ms
2024-05-06T13:49:04.107Z debug: SUCCESS REQ: 200 - POST /api/v1/roles/get - 45.720 ms
2024-05-06T13:51:28.591Z debug: SUCCESS REQ: 200 - POST /api/v1/roles/get - 34.986 ms
2024-05-06T13:52:14.512Z debug: SUCCESS REQ: 200 - POST /api/v1/roles/get - 51.242 ms
2024-05-06T13:52:39.594Z debug: SUCCESS REQ: 200 - POST /api/v1/roles/get - 53.713 ms
