2024-05-07T04:47:25.527Z debug: SUCCESS REQ: 200 - POST /api/v1/roles/get - 191.212 ms
2024-05-07T04:48:08.705Z debug: SUCCESS REQ: 200 - POST /api/v1/roles/get - 4.458 ms
2024-05-07T04:53:52.126Z debug: SUCCESS REQ: 200 - POST /api/v1/roles/get - 54.836 ms
2024-05-07T04:54:24.570Z debug: SUCCESS REQ: 200 - POST /api/v1/roles/get - 59.261 ms
2024-05-07T04:54:49.951Z debug: SUCCESS REQ: 200 - POST /api/v1/roles/get - 59.351 ms
2024-05-07T05:03:43.242Z debug: SUCCESS REQ: 200 - POST /api/v1/roles/get - 53.161 ms
2024-05-07T05:13:43.352Z debug: SUCCESS REQ: 200 - POST /api/v1/roles/get - 199.745 ms
2024-05-07T05:14:18.332Z debug: SUCCESS REQ: 200 - POST /api/v1/roles/get - 52.832 ms
2024-05-07T05:14:54.666Z debug: SUCCESS REQ: 200 - POST /api/v1/roles/get - 55.602 ms
2024-05-07T10:47:20.198Z debug: ERROR REQ: 401 - GET /api/v1/roles/moduleDropdown - 6.387 ms
2024-05-07T10:47:30.707Z debug: SUCCESS REQ: 200 - POST /api/v1/auth/login - 169.921 ms
2024-05-07T10:47:34.047Z debug: SUCCESS REQ: 200 - GET /api/v1/roles/moduleDropdown - 11.306 ms
2024-05-07T10:47:52.325Z debug: SUCCESS REQ: 200 - GET /api/v1/roles/featureDropdown/3 - 73.555 ms
2024-05-07T10:49:46.560Z debug: SUCCESS REQ: 200 - GET /api/v1/roles/moduleDropdown - 81.483 ms
2024-05-07T10:50:09.127Z debug: SUCCESS REQ: 200 - GET /api/v1/roles/featureDropdown/user - 72.800 ms
2024-05-07T10:50:27.699Z debug: SUCCESS REQ: 200 - GET /api/v1/roles/featureDropdown/admin - 189.908 ms
2024-05-07T10:50:37.491Z debug: SUCCESS REQ: 200 - GET /api/v1/roles/featureDropdown/user - 8.806 ms
2024-05-07T10:50:50.243Z debug: SUCCESS REQ: 200 - GET /api/v1/roles/featureDropdown/course - 61.745 ms
2024-05-07T10:51:48.760Z debug: ERROR REQ: 404 - GET /api/v1/roles/featureDropdown/courses - 65.734 ms
2024-05-07T10:51:54.805Z debug: SUCCESS REQ: 200 - GET /api/v1/roles/featureDropdown/course - 7.943 ms
