2024-05-21T07:01:01.279Z debug: ERROR REQ: 401 - GET /api/v1/category - 8.472 ms
2024-05-21T07:01:13.991Z debug: SUCCESS REQ: 200 - POST /api/v1/auth/login - 325.447 ms
2024-05-21T07:01:16.770Z debug: SUCCESS REQ: 200 - GET /api/v1/category - 12.035 ms
2024-05-21T07:02:26.653Z debug: SUCCESS REQ: 200 - GET /api/v1/category?search=Introduction - 55.973 ms
2024-05-21T07:23:33.097Z debug: SUCCESS REQ: 200 - GET /api/v1/category?search=Maintenance - 81.824 ms
2024-05-21T07:23:58.221Z debug: SUCCESS REQ: 200 - GET /api/v1/category?search=Maintenance - 29.838 ms
2024-05-21T07:24:40.215Z debug: SUCCESS REQ: 200 - GET /api/v1/category?search=Maintenance - 40.212 ms
2024-05-21T07:25:22.902Z debug: SUCCESS REQ: 200 - GET /api/v1/category?search=Maintenance - 33.813 ms
2024-05-21T07:25:47.108Z debug: SUCCESS REQ: 200 - GET /api/v1/category?search=Maintenance - 36.892 ms
2024-05-21T07:26:23.439Z debug: SUCCESS REQ: 200 - GET /api/v1/category?search=Maintenance - 36.414 ms
2024-05-21T07:27:25.095Z debug: SUCCESS REQ: 200 - GET /api/v1/category?search=Maintenance - 37.655 ms
2024-05-21T07:28:00.363Z debug: SUCCESS REQ: 200 - GET /api/v1/category?search=Maintenance - 26.950 ms
2024-05-21T07:28:03.458Z debug: SUCCESS REQ: 200 - GET /api/v1/category - 11.113 ms
2024-05-21T07:28:15.956Z debug: SUCCESS REQ: 200 - GET /api/v1/category?search=flig - 60.521 ms
2024-05-21T07:30:59.148Z debug: SUCCESS REQ: 200 - GET /api/v1/category - 28.474 ms
2024-05-21T07:31:10.129Z debug: SUCCESS REQ: 200 - GET /api/v1/category - 31.018 ms
2024-05-21T07:31:44.482Z debug: SUCCESS REQ: 200 - GET /api/v1/category - 27.502 ms
2024-05-21T07:32:13.785Z debug: SUCCESS REQ: 200 - GET /api/v1/category - 27.222 ms
2024-05-21T07:32:41.453Z debug: SUCCESS REQ: 200 - GET /api/v1/category - 32.004 ms
2024-05-21T07:33:15.488Z debug: SUCCESS REQ: 200 - GET /api/v1/category - 28.933 ms
2024-05-21T07:36:36.699Z debug: SUCCESS REQ: 200 - GET /api/v1/category - 75.304 ms
2024-05-21T07:37:19.979Z debug: SUCCESS REQ: 200 - GET /api/v1/category - 30.779 ms
2024-05-21T07:37:23.868Z debug: SUCCESS REQ: 200 - GET /api/v1/category?search=flig - 10.056 ms
2024-05-21T07:39:20.977Z debug: ERROR REQ: 404 - POST /api/v1/category/uploadicon/13 - 54.878 ms
2024-05-21T07:41:44.287Z debug: ERROR REQ: 404 - POST /api/v1/category/uploadicon/13 - 22.358 ms
2024-05-21T07:41:58.921Z debug: ERROR REQ: 404 - POST /api/v1/category/uploadicon/13 - 58.196 ms
2024-05-21T07:43:07.137Z debug: ERROR REQ: 404 - POST /api/v1/category/uploadicon/13 - 68.524 ms
2024-05-21T07:43:41.002Z debug: SUCCESS REQ: - - POST /api/v1/category/uploadicon - - ms
2024-05-21T07:43:58.150Z debug: SUCCESS REQ: 200 - POST /api/v1/category/uploadicon - 1317.059 ms
2024-05-21T07:44:26.555Z debug: ERROR REQ: 409 - POST /api/v1/category - 90.620 ms
2024-05-21T07:48:21.567Z debug: SUCCESS REQ: 200 - POST /api/v1/category - 81.775 ms
2024-05-21T07:55:13.206Z debug: ERROR REQ: 404 - GET /api/v1/category/15 - 56.963 ms
2024-05-21T07:55:45.722Z debug: SUCCESS REQ: 200 - GET /api/v1/category/aeromodynamics-user-alone-sadff - 56.224 ms
