2024-05-03T04:56:10.286Z debug: ERROR REQ: 401 - POST /api/v1/document/createDocument - 187.617 ms
2024-05-03T04:56:15.973Z debug: SUCCESS REQ: 200 - POST /api/v1/auth/login - 127.266 ms
2024-05-03T04:56:38.178Z debug: SUCCESS REQ: 200 - GET /api/v1/roles/getall - 75.214 ms
2024-05-03T04:59:22.618Z debug: SUCCESS REQ: 200 - GET /api/v1/roles/getall - 70.916 ms
2024-05-03T05:03:00.284Z debug: SUCCESS REQ: 200 - GET /api/v1/adminUser/getAll - 67.021 ms
2024-05-03T05:35:02.976Z debug: SUCCESS REQ: 200 - POST /api/v1/category - 64.671 ms
2024-05-03T05:35:50.473Z debug: ERROR REQ: 409 - POST /api/v1/category - 55.559 ms
2024-05-03T05:37:01.766Z debug: SUCCESS REQ: 200 - PUT /api/v1/category/update/11 - 64.273 ms
2024-05-03T05:37:50.615Z debug: ERROR REQ: 404 - PUT /api/v1/category/update/110 - 58.262 ms
2024-05-03T05:39:15.389Z debug: ERROR REQ: 404 - PUT /api/v1/category/update/110 - 62.839 ms
2024-05-03T05:40:32.272Z debug: SUCCESS REQ: 200 - GET /api/v1/category/1 - 53.410 ms
2024-05-03T05:41:02.103Z debug: ERROR REQ: 404 - GET /api/v1/category/100 - 52.614 ms
2024-05-03T05:44:45.935Z debug: ERROR REQ: 404 - PUT /api/v1/category/updateStatus/200 - 53.639 ms
2024-05-03T05:45:04.506Z debug: SUCCESS REQ: 200 - PUT /api/v1/category/updateStatus/2 - 56.451 ms
2024-05-03T05:45:52.973Z debug: ERROR REQ: 401 - GET /api/v1/category - 0.553 ms
2024-05-03T05:45:57.179Z debug: SUCCESS REQ: 200 - POST /api/v1/auth/login - 82.525 ms
2024-05-03T05:46:02.194Z debug: ERROR REQ: 401 - GET /api/v1/category - 0.463 ms
2024-05-03T05:46:09.160Z debug: SUCCESS REQ: 200 - GET /api/v1/category - 55.436 ms
2024-05-03T05:47:05.683Z debug: SUCCESS REQ: 200 - GET /api/v1/category?search=Introduction - 52.832 ms
2024-05-03T05:47:11.641Z debug: ERROR REQ: 404 - GET /api/v1/category?search=Introductiondsfs - 8.087 ms
2024-05-03T05:47:50.691Z debug: SUCCESS REQ: 200 - GET /api/v1/category - 71.436 ms
2024-05-03T05:49:11.910Z debug: ERROR REQ: 401 - PUT /api/v1/category/updateOrder - 0.998 ms
2024-05-03T05:51:58.719Z debug: SUCCESS REQ: 200 - PUT /api/v1/category/updateOrder - 97.893 ms
2024-05-03T05:52:10.828Z debug: SUCCESS REQ: 200 - GET /api/v1/category - 60.258 ms
2024-05-03T06:00:48.355Z debug: SUCCESS REQ: 200 - GET /api/v1/topics/ - 105.381 ms
2024-05-03T06:01:24.186Z debug: ERROR REQ: 404 - GET /api/v1/topics/?search=Aerialas - 61.465 ms
2024-05-03T06:03:32.226Z debug: SUCCESS REQ: 200 - GET /api/v1/topics/1 - 60.151 ms
2024-05-03T06:03:48.723Z debug: ERROR REQ: 404 - GET /api/v1/topics/100 - 56.542 ms
2024-05-03T06:04:41.211Z debug: SUCCESS REQ: 200 - POST /api/v1/topics/ - 103.934 ms
2024-05-03T06:06:03.190Z debug: SUCCESS REQ: 200 - PUT /api/v1/topics/11 - 69.681 ms
2024-05-03T06:06:16.114Z debug: ERROR REQ: 404 - PUT /api/v1/topics/110 - 57.339 ms
2024-05-03T06:06:56.993Z debug: ERROR REQ: 404 - DELETE /api/v1/topics/120 - 57.427 ms
2024-05-03T06:07:13.727Z debug: SUCCESS REQ: 200 - DELETE /api/v1/topics/11 - 64.548 ms
2024-05-03T06:10:21.614Z debug: SUCCESS REQ: 200 - DELETE /api/v1/topics/12 - 47.338 ms
2024-05-03T06:16:17.609Z debug: SUCCESS REQ: 200 - POST /api/v1/document/createDocument - 284.823 ms
2024-05-03T06:31:21.205Z debug: SUCCESS REQ: 200 - GET /api/v1/subtopics - 80.536 ms
2024-05-03T06:32:09.089Z debug: SUCCESS REQ: 200 - GET /api/v1/subtopics/3 - 56.088 ms
2024-05-03T06:32:21.572Z debug: SUCCESS REQ: 200 - GET /api/v1/subtopics/30 - 57.831 ms
2024-05-03T06:32:25.889Z debug: ERROR REQ: 404 - GET /api/v1/subtopics/300 - 5.269 ms
2024-05-03T06:34:59.359Z debug: SUCCESS REQ: 200 - POST /api/v1/subtopics/ - 105.521 ms
2024-05-03T06:36:22.517Z debug: SUCCESS REQ: 200 - PUT /api/v1/subtopics/53 - 65.700 ms
2024-05-03T06:46:28.644Z debug: ERROR REQ: 401 - PUT /api/v1/subtopics/53 - 23.670 ms
2024-05-03T06:46:38.746Z debug: SUCCESS REQ: 200 - POST /api/v1/auth/login - 122.152 ms
2024-05-03T06:46:42.975Z debug: SUCCESS REQ: 200 - PUT /api/v1/subtopics/53 - 39.736 ms
2024-05-03T06:46:55.005Z debug: ERROR REQ: 404 - PUT /api/v1/subtopics/530 - 54.601 ms
2024-05-03T06:48:29.001Z debug: ERROR REQ: 404 - DELETE /api/v1/subtopics/57?topics_id=900 - 52.651 ms
2024-05-03T06:48:45.272Z debug: ERROR REQ: 404 - DELETE /api/v1/subtopics/57?topics_id=9 - 54.702 ms
2024-05-03T06:49:41.250Z debug: SUCCESS REQ: 200 - DELETE /api/v1/subtopics/5?topics_id=1 - 174.288 ms
2024-05-03T06:50:16.829Z debug: SUCCESS REQ: 200 - DELETE /api/v1/subtopics/5?topics_id=1 - 43.199 ms
2024-05-03T06:50:25.057Z debug: SUCCESS REQ: 200 - DELETE /api/v1/subtopics/4?topics_id=1 - 30.774 ms
2024-05-03T07:23:11.906Z debug: ERROR REQ: 404 - GET /api/v1/course/get/2 - 68.124 ms
2024-05-03T07:23:28.268Z debug: SUCCESS REQ: 200 - GET /api/v1/course/get/1 - 68.531 ms
2024-05-03T07:24:24.631Z debug: SUCCESS REQ: 200 - PUT /api/v1/course/updateStatus/1 - 126.379 ms
2024-05-03T07:24:36.990Z debug: ERROR REQ: 404 - PUT /api/v1/course/updateStatus/100 - 61.411 ms
2024-05-03T07:24:58.083Z debug: SUCCESS REQ: 200 - GET /api/v1/course/getAll?page=1&pageSize=5 - 72.103 ms
2024-05-03T07:45:52.396Z debug: SUCCESS REQ: 200 - GET /api/v1/course/getAll?page=1&pageSize=5&search=test - 48.102 ms
2024-05-03T07:45:59.227Z debug: ERROR REQ: 404 - GET /api/v1/course/getAll?page=1&pageSize=5&search=testwadw - 13.603 ms
2024-05-03T07:46:29.536Z debug: ERROR REQ: 409 - POST /api/v1/course/create - 83.975 ms
2024-05-03T07:46:35.561Z debug: SUCCESS REQ: 200 - POST /api/v1/course/create - 58.100 ms
2024-05-03T07:46:44.945Z debug: ERROR REQ: 401 - GET /api/v1/course/getAll?page=1&pageSize=5 - 2.214 ms
2024-05-03T07:46:49.724Z debug: SUCCESS REQ: 200 - POST /api/v1/auth/login - 94.307 ms
2024-05-03T07:46:51.817Z debug: SUCCESS REQ: 200 - GET /api/v1/course/getAll?page=1&pageSize=5 - 17.420 ms
2024-05-03T07:47:09.871Z debug: ERROR REQ: 401 - DELETE /api/v1/course/delete/100 - 0.516 ms
2024-05-03T07:47:17.539Z debug: ERROR REQ: 404 - DELETE /api/v1/course/delete/100 - 53.894 ms
2024-05-03T07:47:34.511Z debug: SUCCESS REQ: 200 - DELETE /api/v1/course/delete/1 - 65.441 ms
2024-05-03T08:34:45.741Z debug: ERROR REQ: 401 - PUT /api/v1/course/update/2 - 20.999 ms
2024-05-03T08:34:50.552Z debug: SUCCESS REQ: 200 - POST /api/v1/auth/login - 147.354 ms
2024-05-03T08:34:55.226Z debug: ERROR REQ: 401 - PUT /api/v1/course/update/2 - 1.283 ms
2024-05-03T08:35:02.666Z debug: SUCCESS REQ: 200 - PUT /api/v1/course/update/2 - 146.151 ms
2024-05-03T08:35:36.254Z debug: ERROR REQ: 404 - PUT /api/v1/course/update/200 - 65.494 ms
2024-05-03T08:37:12.249Z debug: ERROR REQ: 404 - POST /api/v1/course/create - 63.608 ms
2024-05-03T08:37:33.556Z debug: SUCCESS REQ: 200 - POST /api/v1/course/create - 84.849 ms
2024-05-03T08:37:37.169Z debug: ERROR REQ: 409 - POST /api/v1/course/create - 6.260 ms
2024-05-03T08:38:05.728Z debug: ERROR REQ: 409 - POST /api/v1/course/create - 56.501 ms
2024-05-03T08:39:07.308Z debug: SUCCESS REQ: 200 - POST /api/v1/course/create - 90.467 ms
2024-05-03T08:39:50.595Z debug: ERROR REQ: 409 - POST /api/v1/course/create - 91.844 ms
2024-05-03T08:39:57.013Z debug: ERROR REQ: 404 - POST /api/v1/course/create - 12.681 ms
2024-05-03T08:47:28.117Z debug: SUCCESS REQ: 200 - GET /api/v1/course/language - 77.100 ms
2024-05-03T08:47:34.692Z debug: ERROR REQ: 404 - GET /api/v1/course/feature - 3.156 ms
2024-05-03T08:47:58.765Z debug: SUCCESS REQ: 200 - GET /api/v1/course/status - 59.240 ms
2024-05-03T08:48:15.847Z debug: ERROR REQ: 401 - GET /api/v1/course/courseIncludes - 0.486 ms
2024-05-03T08:48:23.248Z debug: SUCCESS REQ: 200 - GET /api/v1/course/courseIncludes - 81.304 ms
2024-05-03T08:48:30.635Z debug: ERROR REQ: 401 - GET /api/v1/course/courseAuthor - 0.463 ms
2024-05-03T08:48:37.506Z debug: ERROR REQ: 404 - GET /api/v1/course/courseAuthor - 54.451 ms
2024-05-03T08:59:36.414Z debug: ERROR REQ: 404 - POST /api/v1/courseSection/create/1 - 66.271 ms
2024-05-03T09:00:05.748Z debug: SUCCESS REQ: 200 - POST /api/v1/courseSection/create/2 - 71.341 ms
2024-05-03T09:00:32.768Z debug: ERROR REQ: 404 - GET /api/v1/courseSection/get/1 - 54.079 ms
2024-05-03T09:01:11.860Z debug: SUCCESS REQ: 200 - GET /api/v1/courseSection/get/2 - 51.358 ms
2024-05-03T09:01:45.424Z debug: ERROR REQ: 404 - PUT /api/v1/courseSection/update/1 - 51.924 ms
2024-05-03T09:04:23.622Z debug: SUCCESS REQ: 200 - PUT /api/v1/courseSection/update/2 - 58.635 ms
2024-05-03T09:04:44.840Z debug: ERROR REQ: 401 - GET /api/v1/courseSection/getAll/1 - 0.425 ms
2024-05-03T09:04:52.648Z debug: ERROR REQ: 404 - GET /api/v1/courseSection/getAll/1 - 77.019 ms
2024-05-03T09:05:11.601Z debug: SUCCESS REQ: 200 - GET /api/v1/courseSection/getAll/2 - 69.060 ms
2024-05-03T09:05:39.117Z debug: ERROR REQ: 401 - PUT /api/v1/courseSection/updateOrder/2 - 0.773 ms
2024-05-03T09:05:48.722Z debug: SUCCESS REQ: 200 - PUT /api/v1/courseSection/updateOrder/2 - 53.929 ms
2024-05-03T09:06:06.205Z debug: SUCCESS REQ: 200 - PUT /api/v1/courseSection/updateOrder/2 - 58.322 ms
2024-05-03T09:06:48.443Z debug: SUCCESS REQ: 200 - DELETE /api/v1/courseSection/delete/2 - 58.273 ms
2024-05-03T09:07:01.767Z debug: ERROR REQ: 404 - DELETE /api/v1/courseSection/delete/2 - 64.576 ms
2024-05-03T09:12:57.131Z debug: ERROR REQ: 404 - POST /api/v1/courseContent/addDocument/1 - 55.283 ms
2024-05-03T09:13:40.175Z debug: ERROR REQ: 404 - POST /api/v1/courseContent/addDocument/2 - 53.237 ms
2024-05-03T09:13:52.894Z debug: SUCCESS REQ: 200 - POST /api/v1/courseContent/addDocument/2 - 58.830 ms
2024-05-03T09:18:32.787Z debug: SUCCESS REQ: 200 - GET /api/v1/questions/getAll?page=1&pageSize=5 - 91.252 ms
2024-05-03T09:18:47.840Z debug: SUCCESS REQ: 200 - POST /api/v1/questions/create - 88.413 ms
2024-05-03T09:18:52.508Z debug: SUCCESS REQ: 200 - POST /api/v1/questions/create - 31.073 ms
2024-05-03T09:18:53.849Z debug: SUCCESS REQ: 200 - POST /api/v1/questions/create - 24.169 ms
2024-05-03T09:18:55.163Z debug: SUCCESS REQ: 200 - POST /api/v1/questions/create - 22.296 ms
2024-05-03T09:18:56.461Z debug: SUCCESS REQ: 200 - POST /api/v1/questions/create - 21.200 ms
2024-05-03T09:18:58.838Z debug: SUCCESS REQ: 200 - POST /api/v1/questions/create - 23.962 ms
2024-05-03T09:19:03.505Z debug: SUCCESS REQ: 200 - GET /api/v1/questions/getAll?page=1&pageSize=5 - 31.904 ms
2024-05-03T09:19:40.009Z debug: ERROR REQ: 404 - POST /api/v1/assessment/create - 76.742 ms
2024-05-03T09:20:24.971Z debug: SUCCESS REQ: 200 - POST /api/v1/assessment/create - 101.247 ms
2024-05-03T09:20:45.437Z debug: ERROR REQ: 409 - POST /api/v1/assessment/create - 55.640 ms
2024-05-03T09:21:06.557Z debug: ERROR REQ: 404 - POST /api/v1/assessment/create - 59.951 ms
2024-05-03T09:21:41.125Z debug: ERROR REQ: 409 - POST /api/v1/assessment/create - 64.287 ms
2024-05-03T09:21:48.093Z debug: ERROR REQ: 404 - POST /api/v1/assessment/create - 8.201 ms
2024-05-03T09:26:32.272Z debug: ERROR REQ: 404 - POST /api/v1/assessment/create - 67.429 ms
2024-05-03T09:28:09.980Z debug: ERROR REQ: 406 - POST /api/v1/assessment/create - 56.500 ms
2024-05-03T09:29:04.184Z debug: ERROR REQ: 404 - POST /api/v1/assessment/create - 132.436 ms
2024-05-03T09:29:37.763Z debug: ERROR REQ: 404 - POST /api/v1/assessment/create - 66.181 ms
2024-05-03T09:30:00.574Z debug: ERROR REQ: 404 - POST /api/v1/assessment/create - 68.270 ms
2024-05-03T09:31:51.625Z debug: SUCCESS REQ: 200 - POST /api/v1/assessment/create - 88.225 ms
2024-05-03T09:32:37.465Z debug: SUCCESS REQ: 200 - GET /api/v1/assessment/getById/ed365821-ff57-4f33-905b-22af43424642 - 83.234 ms
2024-05-03T09:33:03.502Z debug: ERROR REQ: 404 - GET /api/v1/assessment/getById/ed365821-ff57-4f33-905b-12af43424642 - 59.345 ms
2024-05-03T09:43:15.014Z debug: ERROR REQ: 401 - GET /api/v1/assessment/getAllAssessment - 2.388 ms
2024-05-03T09:43:21.230Z debug: ERROR REQ: 401 - GET /api/v1/assessment/getAllAssessment - 1.853 ms
2024-05-03T09:43:23.678Z debug: SUCCESS REQ: 200 - POST /api/v1/auth/login - 93.315 ms
2024-05-03T09:43:26.273Z debug: SUCCESS REQ: 200 - GET /api/v1/assessment/getAllAssessment - 33.293 ms
2024-05-03T09:44:10.020Z debug: ERROR REQ: 404 - GET /api/v1/assessment/getAllAssessment?search=Teeban - 68.197 ms
2024-05-03T09:44:33.991Z debug: ERROR REQ: 404 - GET /api/v1/assessment/getAllAssessment?search=john - 71.169 ms
2024-05-03T09:49:22.967Z debug: ERROR REQ: 404 - PUT /api/v1/assessment/updateStatus/f9fa617f-4e18-41ca-91b5-bfcdcac66d41 - 53.055 ms
2024-05-03T09:51:15.803Z debug: SUCCESS REQ: 200 - PUT /api/v1/assessment/updateStatus/ed365821-ff57-4f33-905b-22af43424642 - 60.833 ms
2024-05-03T09:52:40.587Z debug: ERROR REQ: 404 - PUT /api/v1/assessment/update/ed365821-ff57-4f33-905b-22af43424642 - 79.803 ms
2024-05-03T09:53:07.272Z debug: SUCCESS REQ: 200 - PUT /api/v1/assessment/update/ed365821-ff57-4f33-905b-22af43424642 - 100.468 ms
2024-05-03T09:53:23.193Z debug: ERROR REQ: 404 - PUT /api/v1/assessment/update/ed365821-ff57-4f33-905b-22af43424641 - 54.641 ms
2024-05-03T09:54:08.424Z debug: SUCCESS REQ: 200 - DELETE /api/v1/assessment/ed365821-ff57-4f33-905b-22af43424642 - 78.989 ms
2024-05-03T09:54:23.437Z debug: ERROR REQ: 404 - DELETE /api/v1/assessment/ed365821-ff57-4f33-905b-22af43424642 - 53.527 ms
2024-05-03T09:55:16.397Z debug: SUCCESS REQ: 200 - GET /api/v1/difficulty/getDifficulties - 80.907 ms
2024-05-03T09:55:38.074Z debug: ERROR REQ: 401 - GET /api/v1/duration/getDuration - 0.641 ms
2024-05-03T09:55:48.669Z debug: SUCCESS REQ: 200 - GET /api/v1/duration/getDuration - 61.182 ms
2024-05-03T09:56:03.864Z debug: SUCCESS REQ: 200 - GET /api/v1/marks/getMarks - 58.731 ms
2024-05-03T09:56:13.603Z debug: SUCCESS REQ: 200 - GET /api/v1/reattempt/getReattempt - 6.470 ms
2024-05-03T10:01:33.019Z debug: ERROR REQ: 404 - POST /api/v1/courseContent/addAssessment/1 - 61.969 ms
2024-05-03T10:02:02.723Z debug: ERROR REQ: 404 - POST /api/v1/courseContent/addAssessment/100 - 53.076 ms
2024-05-03T10:02:29.573Z debug: ERROR REQ: 404 - POST /api/v1/courseContent/addAssessment/100 - 53.744 ms
2024-05-03T10:02:35.098Z debug: ERROR REQ: 404 - POST /api/v1/courseContent/addAssessment/1 - 6.986 ms
2024-05-03T10:02:49.718Z debug: SUCCESS REQ: 200 - POST /api/v1/courseContent/addAssessment/1 - 56.614 ms
2024-05-03T10:03:15.623Z debug: SUCCESS REQ: 200 - GET /api/v1/courseContent/getAll/2 - 59.001 ms
2024-05-03T10:03:28.715Z debug: SUCCESS REQ: 200 - GET /api/v1/courseContent/getAll/1 - 59.072 ms
2024-05-03T10:03:33.344Z debug: ERROR REQ: 404 - GET /api/v1/courseContent/getAll/10 - 6.972 ms
2024-05-03T10:03:57.564Z debug: ERROR REQ: 401 - GET /api/v1/courseContent/get/2 - 0.537 ms
2024-05-03T10:04:05.245Z debug: SUCCESS REQ: 200 - GET /api/v1/courseContent/get/2 - 59.871 ms
2024-05-03T10:04:22.072Z debug: ERROR REQ: 404 - GET /api/v1/courseContent/get/200 - 53.744 ms
2024-05-03T10:04:44.107Z debug: ERROR REQ: 401 - PUT /api/v1/courseContent/updateOrder/2 - 0.741 ms
2024-05-03T10:04:52.859Z debug: SUCCESS REQ: 200 - PUT /api/v1/courseContent/updateOrder/2 - 70.275 ms
2024-05-03T10:05:15.189Z debug: ERROR REQ: 401 - DELETE /api/v1/courseContent/delete/13 - 0.499 ms
2024-05-03T10:05:22.776Z debug: ERROR REQ: 404 - DELETE /api/v1/courseContent/delete/13 - 52.840 ms
2024-05-03T10:05:37.077Z debug: SUCCESS REQ: 200 - DELETE /api/v1/courseContent/delete/1 - 55.717 ms
2024-05-03T10:15:04.959Z debug: ERROR REQ: 404 - PUT /api/v1/topics/12 - 58.445 ms
2024-05-03T10:25:20.134Z debug: SUCCESS REQ: 200 - PUT /api/v1/topics/1 - 64.484 ms
2024-05-03T10:26:43.104Z debug: SUCCESS REQ: 200 - PUT /api/v1/topics/1 - 76.826 ms
2024-05-03T10:27:46.959Z debug: SUCCESS REQ: 200 - PUT /api/v1/topics/1 - 65.163 ms
2024-05-03T10:27:56.487Z debug: SUCCESS REQ: 200 - PUT /api/v1/topics/1 - 12.153 ms
2024-05-03T10:28:31.444Z debug: SUCCESS REQ: 200 - PUT /api/v1/topics/1 - 70.572 ms
2024-05-03T10:28:37.062Z debug: SUCCESS REQ: 200 - PUT /api/v1/topics/1 - 19.061 ms
2024-05-03T10:28:45.538Z debug: SUCCESS REQ: 200 - PUT /api/v1/topics/1 - 17.278 ms
2024-05-03T10:29:19.308Z debug: SUCCESS REQ: 200 - PUT /api/v1/topics/1 - 68.762 ms
2024-05-03T10:49:29.992Z debug: ERROR REQ: 401 - POST /api/v1/adminUser/create - 23.679 ms
2024-05-03T10:49:34.455Z debug: SUCCESS REQ: 200 - POST /api/v1/auth/login - 129.836 ms
2024-05-03T11:17:15.966Z debug: SUCCESS REQ: 200 - GET /api/v1/user/all - 95.855 ms
2024-05-03T11:17:40.841Z debug: ERROR REQ: 404 - GET /api/v1/user/all?search=fedfgdf - 69.964 ms
2024-05-03T11:18:54.927Z debug: SUCCESS REQ: 200 - GET /api/v1/user/get/2 - 64.274 ms
2024-05-03T11:19:09.492Z debug: ERROR REQ: 404 - GET /api/v1/user/get/200 - 62.586 ms
2024-05-03T11:20:22.988Z debug: SUCCESS REQ: 200 - DELETE /api/v1/user/delete/10 - 69.296 ms
2024-05-03T11:20:41.492Z debug: SUCCESS REQ: 200 - DELETE /api/v1/user/delete/1 - 75.409 ms
2024-05-03T11:20:54.872Z debug: SUCCESS REQ: 200 - POST /api/v1/auth/login - 112.118 ms
2024-05-03T11:20:59.646Z debug: SUCCESS REQ: 200 - DELETE /api/v1/user/delete/1 - 11.911 ms
2024-05-03T11:22:02.605Z debug: SUCCESS REQ: 200 - DELETE /api/v1/user/delete/1 - 57.547 ms
2024-05-03T11:34:50.326Z debug: SUCCESS REQ: 200 - DELETE /api/v1/user/delete/3 - 80.187 ms
2024-05-03T11:35:14.441Z debug: SUCCESS REQ: 200 - DELETE /api/v1/user/delete/3 - 36.416 ms
2024-05-03T11:35:36.190Z debug: SUCCESS REQ: 200 - DELETE /api/v1/user/delete/3 - 36.969 ms
2024-05-03T11:50:00.626Z debug: ERROR REQ: 404 - DELETE /api/v1/user/delete/300 - 60.678 ms
2024-05-03T11:51:33.880Z debug: ERROR REQ: 404 - DELETE /api/v1/user/delete/3 - 29.437 ms
2024-05-03T12:04:38.448Z debug: SUCCESS REQ: 200 - GET /api/v1/roles/getall - 109.138 ms
2024-05-03T12:06:11.378Z debug: SUCCESS REQ: 200 - GET /api/v1/roles/getall?page%20=5&pageSize=5 - 113.547 ms
2024-05-03T12:06:27.672Z debug: SUCCESS REQ: 200 - GET /api/v1/roles/getall?page%20=1&pageSize=1 - 266.203 ms
2024-05-03T12:09:08.776Z debug: SUCCESS REQ: 200 - GET /api/v1/roles/getall?page%20=1&pageSize=2 - 82.882 ms
2024-05-03T12:19:03.889Z debug: SUCCESS REQ: 200 - POST /api/v1/adminUser/create - 18.693 ms
2024-05-03T12:19:27.351Z debug: SUCCESS REQ: 200 - POST /api/v1/adminUser/create - 62.855 ms
2024-05-03T12:20:56.496Z debug: ERROR REQ: 401 - POST /api/v1/adminUser/create - 24.515 ms
2024-05-03T12:21:00.730Z debug: SUCCESS REQ: 200 - POST /api/v1/auth/login - 124.101 ms
2024-05-03T12:21:03.348Z debug: ERROR REQ: 409 - POST /api/v1/adminUser/create - 32.008 ms
2024-05-03T12:21:11.972Z debug: ERROR REQ: 409 - POST /api/v1/adminUser/create - 11.131 ms
2024-05-03T12:21:18.445Z debug: ERROR REQ: 409 - POST /api/v1/adminUser/create - 11.380 ms
2024-05-03T12:21:24.396Z debug: SUCCESS REQ: 200 - POST /api/v1/adminUser/create - 16.346 ms
2024-05-03T12:23:36.312Z debug: ERROR REQ: 409 - POST /api/v1/adminUser/create - 92.947 ms
2024-05-03T12:23:45.345Z debug: SUCCESS REQ: 200 - POST /api/v1/adminUser/create - 27.716 ms
2024-05-03T12:24:10.658Z debug: ERROR REQ: 409 - POST /api/v1/adminUser/create - 58.059 ms
2024-05-03T12:25:08.055Z debug: ERROR REQ: 409 - POST /api/v1/adminUser/create - 45.246 ms
2024-05-03T12:25:30.331Z debug: SUCCESS REQ: 200 - POST /api/v1/adminUser/create - 78.165 ms
2024-05-03T12:43:16.026Z debug: SUCCESS REQ: 200 - PUT /api/v1/topics/1 - 84.584 ms
2024-05-03T12:43:57.235Z debug: SUCCESS REQ: 200 - PUT /api/v1/topics/2 - 69.963 ms
2024-05-03T12:45:42.112Z debug: SUCCESS REQ: 200 - GET /api/v1/adminUser/getAll - 77.363 ms
2024-05-03T12:46:14.984Z debug: SUCCESS REQ: 200 - GET /api/v1/adminUser/getAll - 89.945 ms
2024-05-03T12:46:37.851Z debug: SUCCESS REQ: 200 - GET /api/v1/adminUser/getAll?page=2&pageSize=10 - 65.560 ms
2024-05-03T12:46:49.610Z debug: SUCCESS REQ: 200 - GET /api/v1/adminUser/getAll?page=2 - 67.457 ms
2024-05-03T12:47:37.839Z debug: SUCCESS REQ: 200 - GET /api/v1/adminUser/getAll - 63.120 ms
2024-05-03T12:47:54.666Z debug: SUCCESS REQ: 200 - GET /api/v1/adminUser/getAll?page=2 - 70.334 ms
2024-05-03T12:48:50.260Z debug: SUCCESS REQ: 200 - GET /api/v1/adminUser/getAll - 64.306 ms
2024-05-03T12:48:57.104Z debug: SUCCESS REQ: 200 - GET /api/v1/adminUser/getAll?id=ASC - 13.312 ms
2024-05-03T12:50:02.044Z debug: SUCCESS REQ: 200 - GET /api/v1/adminUser/getAll?id=ASC - 64.641 ms
2024-05-03T12:55:11.865Z debug: SUCCESS REQ: 200 - GET /api/v1/adminUser/getAll?id=ASC - 97.100 ms
2024-05-03T12:55:24.511Z debug: SUCCESS REQ: 200 - GET /api/v1/adminUser/getAll?page=2&id=ASC - 64.189 ms
2024-05-03T12:55:29.930Z debug: SUCCESS REQ: 200 - GET /api/v1/adminUser/getAll?id=ASC - 14.955 ms
2024-05-03T12:56:58.677Z debug: SUCCESS REQ: 200 - GET /api/v1/adminUser/getAll - 62.069 ms
2024-05-03T12:57:18.760Z debug: SUCCESS REQ: 200 - GET /api/v1/adminUser/getAll?page=2 - 62.477 ms
2024-05-03T13:06:26.131Z debug: SUCCESS REQ: 200 - GET /api/v1/adminUser/getAll - 48.855 ms
2024-05-03T13:06:37.818Z debug: SUCCESS REQ: 200 - GET /api/v1/adminUser/getAll?id=ASC - 135.911 ms
2024-05-03T13:18:50.274Z debug: ERROR REQ: 409 - PUT /api/v1/adminUser/updateUser/20 - 81.027 ms
2024-05-03T13:19:06.675Z debug: SUCCESS REQ: 200 - PUT /api/v1/adminUser/updateUser/6 - 74.942 ms
2024-05-03T13:19:33.766Z debug: SUCCESS REQ: 200 - PUT /api/v1/adminUser/updateUser/6 - 68.888 ms
2024-05-03T13:19:43.007Z debug: SUCCESS REQ: 200 - GET /api/v1/adminUser/getAll?id=ASC - 27.543 ms
2024-05-03T14:01:15.645Z debug: ERROR REQ: 401 - GET /api/v1/topics/ - 8.511 ms
2024-05-03T14:01:19.281Z debug: SUCCESS REQ: 200 - POST /api/v1/auth/login - 150.127 ms
2024-05-03T14:01:23.203Z debug: SUCCESS REQ: 200 - GET /api/v1/topics/ - 24.554 ms
2024-05-03T14:01:57.203Z debug: SUCCESS REQ: 200 - PUT /api/v1/topics/3 - 70.568 ms
2024-05-03T14:02:03.286Z debug: SUCCESS REQ: 200 - GET /api/v1/topics/ - 14.432 ms
2024-05-03T14:04:33.836Z debug: SUCCESS REQ: 200 - GET /api/v1/topics/ - 48.056 ms
2024-05-03T14:04:56.875Z debug: SUCCESS REQ: 200 - PUT /api/v1/topics/3 - 94.130 ms
2024-05-03T14:05:03.831Z debug: SUCCESS REQ: 200 - GET /api/v1/topics/ - 18.008 ms
2024-05-03T14:05:17.647Z debug: SUCCESS REQ: 200 - GET /api/v1/topics/ - 65.572 ms
2024-05-03T14:06:12.927Z debug: SUCCESS REQ: 200 - GET /api/v1/topics/ - 67.648 ms
2024-05-03T14:26:23.470Z debug: ERROR REQ: 500 - GET /api/v1/roles/getall?page%20=1&pageSize=2 - 107.810 ms
2024-05-03T14:26:35.661Z debug: ERROR REQ: 500 - GET /api/v1/roles/getall?page%20=1&pageSize=1 - 65.839 ms
2024-05-03T14:27:52.785Z debug: ERROR REQ: 500 - GET /api/v1/roles/getall?page%20=1&pageSize=1 - 29.594 ms
2024-05-03T14:30:54.179Z debug: SUCCESS REQ: 200 - GET /api/v1/roles/getall?page%20=1&pageSize=1 - 98.163 ms
2024-05-03T14:31:03.456Z debug: SUCCESS REQ: 200 - GET /api/v1/roles/getall?page%20=1&pageSize=2 - 21.761 ms
2024-05-03T14:31:14.608Z debug: SUCCESS REQ: 200 - GET /api/v1/roles/getall?page%20=1&pageSize=3 - 83.853 ms
2024-05-03T14:31:28.710Z debug: SUCCESS REQ: 200 - GET /api/v1/roles/getall?page%20=3&pageSize=3 - 77.401 ms
2024-05-03T14:31:37.564Z debug: SUCCESS REQ: 200 - GET /api/v1/roles/getall?page%20=4&pageSize=3 - 47.332 ms
2024-05-03T14:31:44.110Z debug: SUCCESS REQ: 200 - GET /api/v1/roles/getall?page%20=5&pageSize=3 - 20.953 ms
2024-05-03T14:31:57.066Z debug: SUCCESS REQ: 200 - GET /api/v1/roles/getall?page%20=8&pageSize=3 - 72.201 ms
2024-05-03T14:39:48.313Z debug: SUCCESS REQ: 200 - GET /api/v1/roles/getall?page%20=8&pageSize=3 - 63.733 ms
2024-05-03T14:39:51.839Z debug: SUCCESS REQ: 200 - GET /api/v1/roles/getall?page%20=8&pageSize=3 - 22.214 ms
2024-05-03T14:40:45.474Z debug: SUCCESS REQ: 200 - GET /api/v1/roles/getall?page%20=8&pageSize=3 - 60.871 ms
2024-05-03T14:43:37.186Z debug: SUCCESS REQ: 200 - GET /api/v1/roles/getall?page%20=1&pageSize=3 - 113.689 ms
2024-05-03T14:43:42.335Z debug: SUCCESS REQ: 200 - GET /api/v1/roles/getall?page%20=1&pageSize=1 - 12.455 ms
2024-05-03T14:43:50.893Z debug: SUCCESS REQ: 200 - GET /api/v1/roles/getall?page%20=1&pageSize=2 - 14.974 ms
2024-05-03T14:44:01.879Z debug: SUCCESS REQ: 200 - GET /api/v1/roles/getall?page%20=2&pageSize=2 - 73.153 ms
2024-05-03T14:44:08.971Z debug: SUCCESS REQ: 200 - GET /api/v1/roles/getall?page%20=4&pageSize=2 - 15.393 ms
