2024-05-02T06:00:46.862Z debug: ERROR REQ: 401 - GET /api/v1/roles/getall - 8.792 ms
2024-05-02T06:00:52.036Z debug: SUCCESS REQ: 200 - POST /api/v1/auth/login - 312.441 ms
2024-05-02T06:00:56.049Z debug: SUCCESS REQ: 200 - GET /api/v1/roles/getall - 16.320 ms
2024-05-02T06:01:47.827Z debug: SUCCESS REQ: 200 - GET /api/v1/roles/getall - 63.838 ms
2024-05-02T06:02:05.758Z debug: SUCCESS REQ: 200 - GET /api/v1/roles/getall - 61.193 ms
2024-05-02T06:03:21.111Z debug: SUCCESS REQ: 200 - GET /api/v1/roles/getall - 80.852 ms
2024-05-02T06:03:23.224Z debug: SUCCESS REQ: 200 - GET /api/v1/roles/getall - 13.974 ms
2024-05-02T06:03:25.423Z debug: SUCCESS REQ: 200 - GET /api/v1/roles/getall - 11.153 ms
2024-05-02T06:03:43.460Z debug: SUCCESS REQ: 200 - GET /api/v1/roles/getall - 32.113 ms
2024-05-02T07:50:36.647Z debug: ERROR REQ: 401 - POST /api/v1/document/createDocument - 23.399 ms
2024-05-02T07:50:40.089Z debug: SUCCESS REQ: 200 - POST /api/v1/auth/login - 120.416 ms
2024-05-02T07:50:42.260Z debug: SUCCESS REQ: 200 - POST /api/v1/document/createDocument - 66.818 ms
2024-05-02T08:13:44.888Z debug: SUCCESS REQ: 200 - POST /api/v1/roles/create - 185.938 ms
2024-05-02T08:14:46.491Z debug: ERROR REQ: 404 - POST /api/v1/courseContent/addDocument/6 - 85.126 ms
2024-05-02T08:15:02.227Z debug: SUCCESS REQ: 200 - POST /api/v1/course/create - 132.728 ms
2024-05-02T08:15:33.128Z debug: SUCCESS REQ: 200 - POST /api/v1/auth/login - 397.463 ms
2024-05-02T08:15:49.376Z debug: SUCCESS REQ: 200 - POST /api/v1/courseSection/create/1 - 93.326 ms
2024-05-02T08:16:08.903Z debug: SUCCESS REQ: 200 - POST /api/v1/courseContent/addDocument/1 - 96.575 ms
2024-05-02T08:16:30.733Z debug: SUCCESS REQ: 200 - POST /api/v1/courseContent/addDocument/1 - 61.040 ms
2024-05-02T08:17:10.462Z debug: SUCCESS REQ: 200 - POST /api/v1/courseContent/addDocument/1 - 59.869 ms
2024-05-02T08:21:42.438Z debug: SUCCESS REQ: 200 - POST /api/v1/courseContent/addDocument/1 - 58.821 ms
2024-05-02T08:22:12.774Z debug: SUCCESS REQ: 200 - POST /api/v1/courseContent/addDocument/1 - 75.502 ms
2024-05-02T08:23:00.426Z debug: SUCCESS REQ: 200 - POST /api/v1/courseContent/addDocument/1 - 105.073 ms
2024-05-02T08:26:01.481Z debug: ERROR REQ: 500 - POST /api/v1/courseContent/addDocument/1 - 46.315 ms
2024-05-02T08:26:28.216Z debug: SUCCESS REQ: 200 - POST /api/v1/courseContent/addDocument/1 - 55.587 ms
2024-05-02T08:29:42.669Z debug: SUCCESS REQ: 200 - POST /api/v1/courseContent/addDocument/1 - 45.300 ms
2024-05-02T08:30:35.026Z debug: SUCCESS REQ: 200 - POST /api/v1/courseContent/addDocument/1 - 43.912 ms
2024-05-02T08:32:11.854Z debug: SUCCESS REQ: 200 - POST /api/v1/courseContent/addDocument/1 - 84.658 ms
2024-05-02T08:33:00.951Z debug: ERROR REQ: 500 - GET /api/v1/adminUser/getAll - 89.227 ms
2024-05-02T08:33:40.668Z debug: ERROR REQ: 500 - GET /api/v1/adminUser/getAll - 25.139 ms
2024-05-02T08:34:27.523Z debug: SUCCESS REQ: 200 - GET /api/v1/adminUser/getAll - 57.259 ms
2024-05-02T08:34:37.316Z debug: SUCCESS REQ: 200 - POST /api/v1/auth/login - 83.911 ms
2024-05-02T08:34:40.803Z debug: SUCCESS REQ: 200 - GET /api/v1/adminUser/getAll - 36.643 ms
2024-05-02T08:34:49.475Z debug: SUCCESS REQ: 200 - POST /api/v1/auth/login - 58.260 ms
2024-05-02T08:34:52.259Z debug: SUCCESS REQ: 200 - GET /api/v1/adminUser/getAll - 15.740 ms
2024-05-02T08:37:47.548Z debug: SUCCESS REQ: 200 - POST /api/v1/courseContent/addDocument/1 - 128.132 ms
2024-05-02T08:37:50.303Z debug: SUCCESS REQ: 200 - GET /api/v1/adminUser/getAll - 19.103 ms
2024-05-02T10:52:19.159Z debug: ERROR REQ: 401 - GET /api/v1/adminUser/getAll - 7.481 ms
2024-05-02T10:52:22.852Z debug: SUCCESS REQ: 200 - POST /api/v1/auth/login - 141.876 ms
2024-05-02T10:52:25.006Z debug: SUCCESS REQ: 200 - GET /api/v1/adminUser/getAll - 11.893 ms
2024-05-02T10:52:37.933Z debug: SUCCESS REQ: 200 - POST /api/v1/auth/login - 85.076 ms
2024-05-02T10:52:41.389Z debug: SUCCESS REQ: 200 - GET /api/v1/adminUser/getAll - 17.082 ms
2024-05-02T10:53:02.434Z debug: SUCCESS REQ: 200 - GET /api/v1/adminUser/getAll - 62.728 ms
2024-05-02T10:56:54.048Z debug: SUCCESS REQ: 200 - GET /api/v1/adminUser/getAll?search= - 69.745 ms
2024-05-02T10:56:57.998Z debug: ERROR REQ: 404 - GET /api/v1/adminUser/getAll?search=sdfsa - 15.517 ms
2024-05-02T11:07:11.685Z debug: SUCCESS REQ: 200 - GET /api/v1/adminUser/getAll - 83.436 ms
2024-05-02T11:08:20.238Z debug: ERROR REQ: 409 - POST /api/v1/adminUser/create - 69.887 ms
2024-05-02T11:09:12.250Z debug: ERROR REQ: 409 - POST /api/v1/adminUser/create - 55.100 ms
2024-05-02T11:09:20.267Z debug: ERROR REQ: 409 - POST /api/v1/adminUser/create - 6.923 ms
2024-05-02T11:10:16.629Z debug: SUCCESS REQ: 200 - POST /api/v1/adminUser/create - 95.254 ms
2024-05-02T11:11:00.714Z debug: SUCCESS REQ: 200 - GET /api/v1/adminUser/get/1 - 58.854 ms
2024-05-02T11:13:31.106Z debug: SUCCESS REQ: 200 - GET /api/v1/adminUser/get/1 - 56.330 ms
2024-05-02T11:13:55.440Z debug: ERROR REQ: 404 - GET /api/v1/adminUser/get/10 - 58.447 ms
2024-05-02T11:14:55.396Z debug: SUCCESS REQ: 200 - PUT /api/v1/adminUser/updateUser/6 - 70.921 ms
2024-05-02T11:16:29.306Z debug: ERROR REQ: 404 - PUT /api/v1/adminUser/updateUser/20 - 55.742 ms
2024-05-02T11:17:23.668Z debug: SUCCESS REQ: 200 - PUT /api/v1/adminUser/updateStatus/6 - 58.775 ms
2024-05-02T11:19:18.317Z debug: ERROR REQ: 404 - PUT /api/v1/adminUser/updateStatus/60 - 59.250 ms
2024-05-02T11:20:07.147Z debug: ERROR REQ: 404 - PUT /api/v1/adminUser/updateStatus/60 - 40.605 ms
2024-05-02T11:20:50.271Z debug: ERROR REQ: 404 - DELETE /api/v1/adminUser/delete/11 - 59.512 ms
2024-05-02T11:21:11.819Z debug: SUCCESS REQ: 200 - DELETE /api/v1/adminUser/delete/8 - 78.698 ms
2024-05-02T11:22:05.091Z debug: SUCCESS REQ: 200 - POST /api/v1/document/createDocument - 112.050 ms
2024-05-02T11:22:39.867Z debug: ERROR REQ: 500 - POST /api/v1/auth/refreshtoken - 5.296 ms
2024-05-02T11:23:47.028Z debug: ERROR REQ: 401 - POST /api/v1/document/createDocument - 1.200 ms
2024-05-02T11:23:50.908Z debug: SUCCESS REQ: 200 - POST /api/v1/auth/login - 167.124 ms
2024-05-02T11:23:53.833Z debug: ERROR REQ: 409 - POST /api/v1/document/createDocument - 13.028 ms
2024-05-02T11:30:57.389Z debug: ERROR REQ: 404 - POST /api/v1/document/createDocument - 118.817 ms
2024-05-02T11:32:39.232Z debug: SUCCESS REQ: 200 - PUT /api/v1/document/updateDocument/8fdefea5-72c5-4352-97bf-c65906a29dda - 105.288 ms
2024-05-02T11:32:57.101Z debug: ERROR REQ: 404 - PUT /api/v1/document/updateDocument/8fdefea5-72c5-4352-97bf-c65906a19dda - 66.064 ms
2024-05-02T11:36:39.328Z debug: SUCCESS REQ: 200 - GET /api/v1/document/getDocument/8fdefea5-72c5-4352-97bf-c65906a29dda - 74.477 ms
2024-05-02T11:37:06.832Z debug: ERROR REQ: 404 - GET /api/v1/document/getDocument/8fdefea5-72c5-4352-97bf-c65906a24dda - 62.490 ms
2024-05-02T11:37:33.384Z debug: SUCCESS REQ: 200 - GET /api/v1/document/getAllDocuments?page=1&pageSize=5 - 84.874 ms
2024-05-02T11:37:57.737Z debug: ERROR REQ: 404 - GET /api/v1/document/getAllDocuments?page=1&pageSize=5&search=dfsdf - 73.303 ms
2024-05-02T11:38:35.701Z debug: SUCCESS REQ: 200 - DELETE /api/v1/document/deleteDocument/8fdefea5-72c5-4352-97bf-c65906a29dda - 72.431 ms
2024-05-02T11:38:57.011Z debug: ERROR REQ: 404 - DELETE /api/v1/document/deleteDocument/8fdefea5-72c4-4352-97bf-c65906a29dda - 60.474 ms
2024-05-02T11:40:17.920Z debug: SUCCESS REQ: 200 - POST /api/v1/auth/refreshtoken - 93.294 ms
2024-05-02T12:41:14.829Z debug: ERROR REQ: 401 - POST /api/v1/document/createDocument - 23.304 ms
2024-05-02T12:41:18.691Z debug: SUCCESS REQ: 200 - POST /api/v1/auth/login - 123.687 ms
2024-05-02T12:41:46.521Z debug: ERROR REQ: 404 - POST /api/v1/document/createDocument - 69.097 ms
2024-05-02T12:42:15.816Z debug: ERROR REQ: 404 - POST /api/v1/document/createDocument - 65.853 ms
2024-05-02T12:42:38.714Z debug: ERROR REQ: 404 - POST /api/v1/document/createDocument - 75.976 ms
2024-05-02T12:43:39.721Z debug: ERROR REQ: 404 - PUT /api/v1/document/updateDocument/1fa85814-c57f-41ac-ab0c-0489a2de8e5a - 74.268 ms
2024-05-02T12:44:15.010Z debug: ERROR REQ: 404 - PUT /api/v1/document/updateDocument/8fdefea5-72c5-4352-97bf-c65906a29dda - 68.212 ms
2024-05-02T12:44:38.051Z debug: ERROR REQ: 404 - PUT /api/v1/document/updateDocument/8fdefea5-72c5-4352-97bf-c65906a29dda - 70.194 ms
2024-05-02T12:45:01.602Z debug: ERROR REQ: 404 - PUT /api/v1/document/updateDocument/8fdefea5-72c5-4352-97bf-c65906a29dda - 73.004 ms
2024-05-02T12:45:09.412Z debug: ERROR REQ: 404 - PUT /api/v1/document/updateDocument/8fdefea5-72c5-4352-97bf-c65906a29dda - 19.879 ms
2024-05-02T12:45:40.880Z debug: ERROR REQ: 404 - PUT /api/v1/document/updateDocument/8fdefea5-72c5-4352-97bf-c65906a29dda - 70.939 ms
2024-05-02T12:52:21.791Z debug: ERROR REQ: 404 - PUT /api/v1/document/updateDocument/8fdefea5-72c5-4352-97bf-c65906a29dda - 89.102 ms
2024-05-02T13:12:19.769Z debug: ERROR REQ: 404 - POST /api/v1/adminUser/create - 65.634 ms
2024-05-02T13:17:54.545Z debug: SUCCESS REQ: 200 - GET /api/v1/dashboard/details - 73.040 ms
2024-05-02T13:18:40.557Z debug: SUCCESS REQ: 200 - GET /api/v1/dashboard/courseOverview - 105.526 ms
2024-05-02T13:24:10.133Z debug: ERROR REQ: 401 - GET /api/v1/questions/getType - 0.877 ms
2024-05-02T13:24:13.712Z debug: SUCCESS REQ: 200 - POST /api/v1/auth/login - 99.710 ms
2024-05-02T13:24:17.119Z debug: ERROR REQ: 401 - GET /api/v1/questions/getType - 0.487 ms
2024-05-02T13:24:19.222Z debug: ERROR REQ: 401 - GET /api/v1/questions/getType - 0.435 ms
2024-05-02T13:24:37.724Z debug: ERROR REQ: 404 - GET /api/v1/questions/getType - 51.762 ms
2024-05-02T13:24:45.626Z debug: ERROR REQ: 401 - GET /api/v1/questions/getStatus - 0.407 ms
2024-05-02T13:24:51.790Z debug: ERROR REQ: 404 - GET /api/v1/questions/getStatus - 80.044 ms
2024-05-02T13:37:14.757Z debug: ERROR REQ: 401 - GET /api/v1/difficulty/getDifficulties - 0.525 ms
2024-05-02T13:37:18.152Z debug: SUCCESS REQ: 200 - POST /api/v1/auth/login - 81.718 ms
2024-05-02T13:37:20.285Z debug: ERROR REQ: 401 - GET /api/v1/difficulty/getDifficulties - 1.093 ms
2024-05-02T13:37:32.904Z debug: SUCCESS REQ: 200 - GET /api/v1/difficulty/getDifficulties - 87.186 ms
2024-05-02T13:52:44.819Z debug: SUCCESS REQ: 200 - GET /api/v1/difficulty/getDifficulties - 76.703 ms
2024-05-02T13:56:49.225Z debug: SUCCESS REQ: 200 - POST /api/v1/questions/create - 143.137 ms
2024-05-02T13:57:10.833Z debug: ERROR REQ: 404 - POST /api/v1/questions/create - 65.393 ms
2024-05-02T13:58:21.915Z debug: ERROR REQ: 404 - POST /api/v1/questions/create - 62.022 ms
2024-05-02T13:59:07.682Z debug: ERROR REQ: 409 - POST /api/v1/questions/create - 66.608 ms
2024-05-02T14:00:07.250Z debug: ERROR REQ: 409 - POST /api/v1/questions/create - 65.234 ms
2024-05-02T14:00:19.351Z debug: ERROR REQ: 404 - POST /api/v1/questions/create - 72.242 ms
2024-05-02T14:00:37.914Z debug: ERROR REQ: 404 - POST /api/v1/questions/create - 68.013 ms
2024-05-02T14:01:09.453Z debug: ERROR REQ: 409 - POST /api/v1/questions/create - 5.478 ms
2024-05-02T14:02:21.369Z debug: SUCCESS REQ: 200 - POST /api/v1/questions/create - 85.396 ms
2024-05-02T14:03:29.837Z debug: ERROR REQ: 404 - PUT /api/v1/questions/questions/16 - 69.114 ms
2024-05-02T14:04:20.823Z debug: ERROR REQ: 404 - PUT /api/v1/questions/questions/1 - 95.961 ms
2024-05-02T14:04:34.927Z debug: ERROR REQ: 404 - PUT /api/v1/questions/questions/1 - 106.474 ms
2024-05-02T14:04:49.700Z debug: SUCCESS REQ: 200 - PUT /api/v1/questions/questions/1 - 97.702 ms
2024-05-02T14:21:13.405Z debug: ERROR REQ: 404 - GET /api/v1/questions/getAssessmentQuestion/db288e69-07c9-4055-948d-4c72debfcd8c - 69.813 ms
2024-05-02T14:21:43.340Z debug: SUCCESS REQ: 200 - GET /api/v1/questions/getAll?page=1&pageSize=5 - 102.549 ms
2024-05-02T14:24:52.868Z debug: ERROR REQ: 404 - GET /api/v1/questions/getAll?page=1&pageSize=5&search=unwanted - 78.351 ms
2024-05-02T14:25:46.483Z debug: SUCCESS REQ: 200 - GET /api/v1/questions/questions/2 - 68.232 ms
2024-05-02T14:26:11.467Z debug: ERROR REQ: 404 - GET /api/v1/questions/questions/200 - 63.210 ms
2024-05-02T14:26:43.593Z debug: SUCCESS REQ: 200 - DELETE /api/v1/questions/questions/2 - 81.754 ms
2024-05-02T14:34:38.886Z debug: SUCCESS REQ: 200 - POST /api/v1/tags - 79.828 ms
2024-05-02T14:34:54.633Z debug: ERROR REQ: 409 - POST /api/v1/tags - 59.158 ms
2024-05-02T14:35:32.154Z debug: ERROR REQ: 404 - PUT /api/v1/tags/120 - 56.883 ms
2024-05-02T14:35:53.745Z debug: SUCCESS REQ: 200 - PUT /api/v1/tags/1 - 63.121 ms
2024-05-02T14:42:54.723Z debug: ERROR REQ: 401 - DELETE /api/v1/tags/120 - 2.040 ms
2024-05-02T14:42:58.199Z debug: SUCCESS REQ: 200 - POST /api/v1/auth/login - 102.671 ms
2024-05-02T14:43:00.200Z debug: ERROR REQ: 404 - DELETE /api/v1/tags/120 - 6.641 ms
2024-05-02T14:43:15.977Z debug: SUCCESS REQ: 200 - DELETE /api/v1/tags/12 - 60.216 ms
2024-05-02T14:43:37.949Z debug: ERROR REQ: 404 - GET /api/v1/tags/120 - 54.764 ms
2024-05-02T14:43:58.897Z debug: SUCCESS REQ: 200 - GET /api/v1/tags/1 - 54.120 ms
2024-05-02T14:45:07.310Z debug: SUCCESS REQ: 200 - GET /api/v1/tags - 54.978 ms
2024-05-02T14:45:23.332Z debug: SUCCESS REQ: 200 - GET /api/v1/tags?search=drone - 52.205 ms
2024-05-02T14:45:32.123Z debug: ERROR REQ: 404 - GET /api/v1/tags?search=dronesadas - 6.072 ms
2024-05-02T14:45:52.793Z debug: SUCCESS REQ: 200 - GET /api/v1/tags/taglinks/1 - 75.643 ms
2024-05-02T14:51:49.914Z debug: SUCCESS REQ: 200 - GET /api/v1/roles/getall - 107.779 ms
