2024-05-30T05:45:20.945Z info: DB Connection Successful
2024-05-30T05:45:20.950Z info: Listening to port 8001
2024-05-30T06:44:51.523Z info: DB Connection Error
2024-05-30T06:45:16.516Z info: DB Connection Successful
2024-05-30T06:45:16.521Z info: Listening to port 8001
2024-05-30T06:52:02.104Z info: DB Connection Successful
2024-05-30T06:52:02.110Z info: Listening to port 8001
2024-05-30T06:54:56.196Z info: DB Connection Successful
2024-05-30T06:54:56.201Z info: Listening to port 8001
2024-05-30T06:56:35.976Z info: DB Connection Successful
2024-05-30T06:56:35.980Z info: Listening to port 8001
2024-05-30T07:31:31.888Z info: DB Connection Successful
2024-05-30T07:31:31.892Z info: Listening to port 8001
2024-05-30T07:33:52.534Z info: DB Connection Successful
2024-05-30T07:33:52.538Z info: Listening to port 8001
2024-05-30T07:38:03.313Z info: DB Connection Successful
2024-05-30T07:38:03.318Z info: Listening to port 8001
2024-05-30T07:38:26.634Z info: DB Connection Successful
2024-05-30T07:38:26.638Z info: Listening to port 8001
2024-05-30T07:42:05.085Z info: DB Connection Successful
2024-05-30T07:42:05.090Z info: Listening to port 8001
2024-05-30T07:44:04.679Z info: DB Connection Successful
2024-05-30T07:44:04.683Z info: Listening to port 8001
2024-05-30T07:45:20.886Z info: DB Connection Successful
2024-05-30T07:45:20.890Z info: Listening to port 8001
2024-05-30T07:46:34.238Z info: DB Connection Successful
2024-05-30T07:46:34.242Z info: Listening to port 8001
2024-05-30T07:52:30.401Z info: DB Connection Successful
2024-05-30T07:52:30.405Z info: Listening to port 8001
2024-05-30T08:06:14.212Z info: DB Connection Successful
2024-05-30T08:06:14.216Z info: Listening to port 8001
2024-05-30T08:44:38.974Z info: DB Connection Successful
2024-05-30T08:44:38.981Z info: Listening to port 8001
2024-05-30T08:51:06.394Z info: DB Connection Successful
2024-05-30T08:51:06.409Z info: Listening to port 8001
2024-05-30T08:51:12.949Z info: DB Connection Successful
2024-05-30T08:51:12.954Z info: Listening to port 8001
2024-05-30T08:52:53.720Z info: DB Connection Successful
2024-05-30T08:52:53.725Z info: Listening to port 8001
2024-05-30T08:57:30.422Z info: DB Connection Successful
2024-05-30T08:57:30.427Z info: Listening to port 8001
2024-05-30T08:59:01.233Z info: DB Connection Successful
2024-05-30T08:59:01.237Z info: Listening to port 8001
2024-05-30T09:00:41.740Z info: DB Connection Successful
2024-05-30T09:00:41.743Z info: Listening to port 8001
2024-05-30T09:04:46.550Z info: DB Connection Successful
2024-05-30T09:04:46.554Z info: Listening to port 8001
2024-05-30T09:05:12.186Z info: DB Connection Successful
2024-05-30T09:05:12.190Z info: Listening to port 8001
2024-05-30T09:05:55.291Z info: DB Connection Successful
2024-05-30T09:05:55.295Z info: Listening to port 8001
2024-05-30T09:06:17.003Z info: DB Connection Successful
2024-05-30T09:06:17.007Z info: Listening to port 8001
2024-05-30T09:08:05.284Z info: DB Connection Successful
2024-05-30T09:08:05.297Z info: Listening to port 8001
2024-05-30T09:10:02.740Z info: DB Connection Successful
2024-05-30T09:10:02.745Z info: Listening to port 8001
2024-05-30T09:11:28.692Z info: DB Connection Successful
2024-05-30T09:11:28.696Z info: Listening to port 8001
2024-05-30T09:11:59.225Z info: DB Connection Successful
2024-05-30T09:11:59.229Z info: Listening to port 8001
2024-05-30T09:13:46.419Z info: DB Connection Successful
2024-05-30T09:13:46.423Z info: Listening to port 8001
2024-05-30T09:18:23.655Z info: DB Connection Successful
2024-05-30T09:18:23.659Z info: Listening to port 8001
2024-05-30T10:20:32.790Z info: DB Connection Successful
2024-05-30T10:20:32.797Z info: Listening to port 8001
2024-05-30T11:22:56.992Z info: DB Connection Successful
2024-05-30T11:22:56.996Z info: Listening to port 8001
2024-05-30T11:23:33.900Z info: DB Connection Successful
2024-05-30T11:23:33.904Z info: Listening to port 8001
2024-05-30T11:25:48.380Z info: DB Connection Successful
2024-05-30T11:25:48.387Z info: Listening to port 8001
2024-05-30T11:41:14.272Z info: DB Connection Successful
2024-05-30T11:41:14.276Z info: Listening to port 8001
2024-05-30T11:43:22.377Z info: DB Connection Successful
2024-05-30T11:43:22.382Z info: Listening to port 8001
2024-05-30T11:44:41.773Z info: DB Connection Successful
2024-05-30T11:44:41.777Z info: Listening to port 8001
2024-05-30T11:45:59.180Z info: DB Connection Successful
2024-05-30T11:45:59.185Z info: Listening to port 8001
2024-05-30T11:46:03.903Z info: DB Connection Successful
2024-05-30T11:46:03.910Z info: Listening to port 8001
2024-05-30T11:46:27.830Z info: DB Connection Successful
2024-05-30T11:46:27.834Z info: Listening to port 8001
2024-05-30T11:49:43.047Z info: DB Connection Successful
2024-05-30T11:49:43.051Z info: Listening to port 8001
2024-05-30T11:50:04.501Z info: DB Connection Successful
2024-05-30T11:50:04.505Z info: Listening to port 8001
2024-05-30T11:51:28.180Z info: DB Connection Successful
2024-05-30T11:51:28.184Z info: Listening to port 8001
2024-05-30T11:53:19.389Z info: DB Connection Successful
2024-05-30T11:53:19.392Z info: Listening to port 8001
2024-05-30T11:53:23.528Z info: DB Connection Successful
2024-05-30T11:53:23.533Z info: Listening to port 8001
2024-05-30T11:53:51.234Z info: DB Connection Successful
2024-05-30T11:53:51.238Z info: Listening to port 8001
2024-05-30T11:54:53.997Z info: DB Connection Successful
2024-05-30T11:54:54.049Z info: Listening to port 8001
2024-05-30T11:55:01.964Z info: DB Connection Successful
2024-05-30T11:55:01.968Z info: Listening to port 8001
2024-05-30T11:55:11.698Z info: DB Connection Successful
2024-05-30T11:55:11.702Z info: Listening to port 8001
2024-05-30T11:57:12.280Z info: DB Connection Successful
2024-05-30T11:57:12.285Z info: Listening to port 8001
