2024-05-15T12:02:24.510Z error: Validation error
- Error
    at Query.run (C:\Users\teebanrajd\Documents\project\youcanfly\youcanfly-admin-be\node_modules\sequelize\lib\dialects\postgres\query.js:50:25)
    at C:\Users\teebanrajd\Documents\project\youcanfly\youcanfly-admin-be\node_modules\sequelize\lib\sequelize.js:315:28
    at process.processTicksAndRejections (node:internal/process/task_queues:95:5)
    at async PostgresQueryInterface.insert (C:\Users\teebanrajd\Documents\project\youcanfly\youcanfly-admin-be\node_modules\sequelize\lib\dialects\abstract\query-interface.js:308:21)
    at async category.save (C:\Users\teebanrajd\Documents\project\youcanfly\youcanfly-admin-be\node_modules\sequelize\lib\model.js:2490:35)
    at async category.create (C:\Users\teebanrajd\Documents\project\youcanfly\youcanfly-admin-be\node_modules\sequelize\lib\model.js:1362:12)
    at async categoryService.createCategory (C:\Users\teebanrajd\Documents\project\youcanfly\youcanfly-admin-be\src\services\category.service.js:43:26)
    at async categoryModule.createCategory (C:\Users\teebanrajd\Documents\project\youcanfly\youcanfly-admin-be\src\controllers\category.controller.js:36:29)
2024-05-15T12:06:54.478Z error: Validation error
- Error
    at Query.run (C:\Users\teebanrajd\Documents\project\youcanfly\youcanfly-admin-be\node_modules\sequelize\lib\dialects\postgres\query.js:50:25)
    at C:\Users\teebanrajd\Documents\project\youcanfly\youcanfly-admin-be\node_modules\sequelize\lib\sequelize.js:315:28
    at process.processTicksAndRejections (node:internal/process/task_queues:95:5)
    at async PostgresQueryInterface.insert (C:\Users\teebanrajd\Documents\project\youcanfly\youcanfly-admin-be\node_modules\sequelize\lib\dialects\abstract\query-interface.js:308:21)
    at async category.save (C:\Users\teebanrajd\Documents\project\youcanfly\youcanfly-admin-be\node_modules\sequelize\lib\model.js:2490:35)
    at async category.create (C:\Users\teebanrajd\Documents\project\youcanfly\youcanfly-admin-be\node_modules\sequelize\lib\model.js:1362:12)
    at async categoryService.createCategory (C:\Users\teebanrajd\Documents\project\youcanfly\youcanfly-admin-be\src\services\category.service.js:43:26)
    at async categoryModule.createCategory (C:\Users\teebanrajd\Documents\project\youcanfly\youcanfly-admin-be\src\controllers\category.controller.js:37:29)
2024-05-15T12:09:55.767Z error: Validation error
- Error
    at Query.run (C:\Users\teebanrajd\Documents\project\youcanfly\youcanfly-admin-be\node_modules\sequelize\lib\dialects\postgres\query.js:50:25)
    at C:\Users\teebanrajd\Documents\project\youcanfly\youcanfly-admin-be\node_modules\sequelize\lib\sequelize.js:315:28
    at process.processTicksAndRejections (node:internal/process/task_queues:95:5)
    at async PostgresQueryInterface.insert (C:\Users\teebanrajd\Documents\project\youcanfly\youcanfly-admin-be\node_modules\sequelize\lib\dialects\abstract\query-interface.js:308:21)
    at async category.save (C:\Users\teebanrajd\Documents\project\youcanfly\youcanfly-admin-be\node_modules\sequelize\lib\model.js:2490:35)
    at async category.create (C:\Users\teebanrajd\Documents\project\youcanfly\youcanfly-admin-be\node_modules\sequelize\lib\model.js:1362:12)
    at async categoryService.createCategory (C:\Users\teebanrajd\Documents\project\youcanfly\youcanfly-admin-be\src\services\category.service.js:43:26)
    at async categoryModule.createCategory (C:\Users\teebanrajd\Documents\project\youcanfly\youcanfly-admin-be\src\controllers\category.controller.js:37:29)
2024-05-15T12:14:42.490Z error: Validation error
- Error
    at Query.run (C:\Users\teebanrajd\Documents\project\youcanfly\youcanfly-admin-be\node_modules\sequelize\lib\dialects\postgres\query.js:50:25)
    at C:\Users\teebanrajd\Documents\project\youcanfly\youcanfly-admin-be\node_modules\sequelize\lib\sequelize.js:315:28
    at process.processTicksAndRejections (node:internal/process/task_queues:95:5)
    at async PostgresQueryInterface.insert (C:\Users\teebanrajd\Documents\project\youcanfly\youcanfly-admin-be\node_modules\sequelize\lib\dialects\abstract\query-interface.js:308:21)
    at async category.save (C:\Users\teebanrajd\Documents\project\youcanfly\youcanfly-admin-be\node_modules\sequelize\lib\model.js:2490:35)
    at async category.create (C:\Users\teebanrajd\Documents\project\youcanfly\youcanfly-admin-be\node_modules\sequelize\lib\model.js:1362:12)
    at async categoryService.createCategory (C:\Users\teebanrajd\Documents\project\youcanfly\youcanfly-admin-be\src\services\category.service.js:43:26)
    at async categoryModule.createCategory (C:\Users\teebanrajd\Documents\project\youcanfly\youcanfly-admin-be\src\controllers\category.controller.js:37:29)
2024-05-15T12:18:30.682Z error: Cannot read properties of undefined (reading 'or')
- TypeError: Cannot read properties of undefined (reading 'or')
    at categoryModule.createCategory (C:\Users\teebanrajd\Documents\project\youcanfly\youcanfly-admin-be\src\controllers\category.controller.js:31:46)
    at Layer.handle [as handle_request] (C:\Users\teebanrajd\Documents\project\youcanfly\youcanfly-admin-be\node_modules\express\lib\router\layer.js:95:5)
    at next (C:\Users\teebanrajd\Documents\project\youcanfly\youcanfly-admin-be\node_modules\express\lib\router\route.js:149:13)
    at C:\Users\teebanrajd\Documents\project\youcanfly\youcanfly-admin-be\src\middleware\validate.js:25:12
    at Layer.handle [as handle_request] (C:\Users\teebanrajd\Documents\project\youcanfly\youcanfly-admin-be\node_modules\express\lib\router\layer.js:95:5)
    at next (C:\Users\teebanrajd\Documents\project\youcanfly\youcanfly-admin-be\node_modules\express\lib\router\route.js:149:13)
    at C:\Users\teebanrajd\Documents\project\youcanfly\youcanfly-admin-be\src\middleware\accessControl.js:44:12
    at Layer.handle [as handle_request] (C:\Users\teebanrajd\Documents\project\youcanfly\youcanfly-admin-be\node_modules\express\lib\router\layer.js:95:5)
    at next (C:\Users\teebanrajd\Documents\project\youcanfly\youcanfly-admin-be\node_modules\express\lib\router\route.js:149:13)
    at Route.dispatch (C:\Users\teebanrajd\Documents\project\youcanfly\youcanfly-admin-be\node_modules\express\lib\router\route.js:119:3)
2024-05-15T12:19:02.703Z error: Cannot read properties of undefined (reading 'or')
- TypeError: Cannot read properties of undefined (reading 'or')
    at categoryModule.createCategory (C:\Users\teebanrajd\Documents\project\youcanfly\youcanfly-admin-be\src\controllers\category.controller.js:31:46)
    at Layer.handle [as handle_request] (C:\Users\teebanrajd\Documents\project\youcanfly\youcanfly-admin-be\node_modules\express\lib\router\layer.js:95:5)
    at next (C:\Users\teebanrajd\Documents\project\youcanfly\youcanfly-admin-be\node_modules\express\lib\router\route.js:149:13)
    at C:\Users\teebanrajd\Documents\project\youcanfly\youcanfly-admin-be\src\middleware\validate.js:25:12
    at Layer.handle [as handle_request] (C:\Users\teebanrajd\Documents\project\youcanfly\youcanfly-admin-be\node_modules\express\lib\router\layer.js:95:5)
    at next (C:\Users\teebanrajd\Documents\project\youcanfly\youcanfly-admin-be\node_modules\express\lib\router\route.js:149:13)
    at C:\Users\teebanrajd\Documents\project\youcanfly\youcanfly-admin-be\src\middleware\accessControl.js:44:12
    at Layer.handle [as handle_request] (C:\Users\teebanrajd\Documents\project\youcanfly\youcanfly-admin-be\node_modules\express\lib\router\layer.js:95:5)
    at next (C:\Users\teebanrajd\Documents\project\youcanfly\youcanfly-admin-be\node_modules\express\lib\router\route.js:149:13)
    at Route.dispatch (C:\Users\teebanrajd\Documents\project\youcanfly\youcanfly-admin-be\node_modules\express\lib\router\route.js:119:3)
2024-05-15T12:21:05.917Z error: Validation error
- Error
    at Query.run (C:\Users\teebanrajd\Documents\project\youcanfly\youcanfly-admin-be\node_modules\sequelize\lib\dialects\postgres\query.js:50:25)
    at C:\Users\teebanrajd\Documents\project\youcanfly\youcanfly-admin-be\node_modules\sequelize\lib\sequelize.js:315:28
    at process.processTicksAndRejections (node:internal/process/task_queues:95:5)
    at async PostgresQueryInterface.insert (C:\Users\teebanrajd\Documents\project\youcanfly\youcanfly-admin-be\node_modules\sequelize\lib\dialects\abstract\query-interface.js:308:21)
    at async category.save (C:\Users\teebanrajd\Documents\project\youcanfly\youcanfly-admin-be\node_modules\sequelize\lib\model.js:2490:35)
    at async category.create (C:\Users\teebanrajd\Documents\project\youcanfly\youcanfly-admin-be\node_modules\sequelize\lib\model.js:1362:12)
    at async categoryService.createCategory (C:\Users\teebanrajd\Documents\project\youcanfly\youcanfly-admin-be\src\services\category.service.js:43:26)
    at async categoryModule.createCategory (C:\Users\teebanrajd\Documents\project\youcanfly\youcanfly-admin-be\src\controllers\category.controller.js:45:29)
2024-05-15T12:21:24.054Z error: Validation error
- Error
    at Query.run (C:\Users\teebanrajd\Documents\project\youcanfly\youcanfly-admin-be\node_modules\sequelize\lib\dialects\postgres\query.js:50:25)
    at C:\Users\teebanrajd\Documents\project\youcanfly\youcanfly-admin-be\node_modules\sequelize\lib\sequelize.js:315:28
    at process.processTicksAndRejections (node:internal/process/task_queues:95:5)
    at async PostgresQueryInterface.insert (C:\Users\teebanrajd\Documents\project\youcanfly\youcanfly-admin-be\node_modules\sequelize\lib\dialects\abstract\query-interface.js:308:21)
    at async category.save (C:\Users\teebanrajd\Documents\project\youcanfly\youcanfly-admin-be\node_modules\sequelize\lib\model.js:2490:35)
    at async category.create (C:\Users\teebanrajd\Documents\project\youcanfly\youcanfly-admin-be\node_modules\sequelize\lib\model.js:1362:12)
    at async categoryService.createCategory (C:\Users\teebanrajd\Documents\project\youcanfly\youcanfly-admin-be\src\services\category.service.js:43:26)
    at async categoryModule.createCategory (C:\Users\teebanrajd\Documents\project\youcanfly\youcanfly-admin-be\src\controllers\category.controller.js:43:29)
2024-05-15T12:22:08.683Z error: Validation error
- Error
    at Query.run (C:\Users\teebanrajd\Documents\project\youcanfly\youcanfly-admin-be\node_modules\sequelize\lib\dialects\postgres\query.js:50:25)
    at C:\Users\teebanrajd\Documents\project\youcanfly\youcanfly-admin-be\node_modules\sequelize\lib\sequelize.js:315:28
    at process.processTicksAndRejections (node:internal/process/task_queues:95:5)
    at async PostgresQueryInterface.insert (C:\Users\teebanrajd\Documents\project\youcanfly\youcanfly-admin-be\node_modules\sequelize\lib\dialects\abstract\query-interface.js:308:21)
    at async category.save (C:\Users\teebanrajd\Documents\project\youcanfly\youcanfly-admin-be\node_modules\sequelize\lib\model.js:2490:35)
    at async category.create (C:\Users\teebanrajd\Documents\project\youcanfly\youcanfly-admin-be\node_modules\sequelize\lib\model.js:1362:12)
    at async categoryService.createCategory (C:\Users\teebanrajd\Documents\project\youcanfly\youcanfly-admin-be\src\services\category.service.js:43:26)
    at async categoryModule.createCategory (C:\Users\teebanrajd\Documents\project\youcanfly\youcanfly-admin-be\src\controllers\category.controller.js:43:29)
2024-05-15T12:23:22.586Z error: Validation error
- Error
    at Query.run (C:\Users\teebanrajd\Documents\project\youcanfly\youcanfly-admin-be\node_modules\sequelize\lib\dialects\postgres\query.js:50:25)
    at C:\Users\teebanrajd\Documents\project\youcanfly\youcanfly-admin-be\node_modules\sequelize\lib\sequelize.js:315:28
    at process.processTicksAndRejections (node:internal/process/task_queues:95:5)
    at async PostgresQueryInterface.insert (C:\Users\teebanrajd\Documents\project\youcanfly\youcanfly-admin-be\node_modules\sequelize\lib\dialects\abstract\query-interface.js:308:21)
    at async category.save (C:\Users\teebanrajd\Documents\project\youcanfly\youcanfly-admin-be\node_modules\sequelize\lib\model.js:2490:35)
    at async category.create (C:\Users\teebanrajd\Documents\project\youcanfly\youcanfly-admin-be\node_modules\sequelize\lib\model.js:1362:12)
    at async categoryService.createCategory (C:\Users\teebanrajd\Documents\project\youcanfly\youcanfly-admin-be\src\services\category.service.js:43:26)
    at async categoryModule.createCategory (C:\Users\teebanrajd\Documents\project\youcanfly\youcanfly-admin-be\src\controllers\category.controller.js:48:29)
2024-05-15T12:27:39.512Z error: Validation error
- Error
    at Query.run (C:\Users\teebanrajd\Documents\project\youcanfly\youcanfly-admin-be\node_modules\sequelize\lib\dialects\postgres\query.js:50:25)
    at C:\Users\teebanrajd\Documents\project\youcanfly\youcanfly-admin-be\node_modules\sequelize\lib\sequelize.js:315:28
    at process.processTicksAndRejections (node:internal/process/task_queues:95:5)
    at async PostgresQueryInterface.insert (C:\Users\teebanrajd\Documents\project\youcanfly\youcanfly-admin-be\node_modules\sequelize\lib\dialects\abstract\query-interface.js:308:21)
    at async category.save (C:\Users\teebanrajd\Documents\project\youcanfly\youcanfly-admin-be\node_modules\sequelize\lib\model.js:2490:35)
    at async category.create (C:\Users\teebanrajd\Documents\project\youcanfly\youcanfly-admin-be\node_modules\sequelize\lib\model.js:1362:12)
    at async categoryService.createCategory (C:\Users\teebanrajd\Documents\project\youcanfly\youcanfly-admin-be\src\services\category.service.js:43:26)
    at async categoryModule.createCategory (C:\Users\teebanrajd\Documents\project\youcanfly\youcanfly-admin-be\src\controllers\category.controller.js:48:29)
2024-05-15T12:30:55.227Z error: Validation error
- Error
    at Query.run (C:\Users\teebanrajd\Documents\project\youcanfly\youcanfly-admin-be\node_modules\sequelize\lib\dialects\postgres\query.js:50:25)
    at C:\Users\teebanrajd\Documents\project\youcanfly\youcanfly-admin-be\node_modules\sequelize\lib\sequelize.js:315:28
    at process.processTicksAndRejections (node:internal/process/task_queues:95:5)
    at async PostgresQueryInterface.insert (C:\Users\teebanrajd\Documents\project\youcanfly\youcanfly-admin-be\node_modules\sequelize\lib\dialects\abstract\query-interface.js:308:21)
    at async category.save (C:\Users\teebanrajd\Documents\project\youcanfly\youcanfly-admin-be\node_modules\sequelize\lib\model.js:2490:35)
    at async category.create (C:\Users\teebanrajd\Documents\project\youcanfly\youcanfly-admin-be\node_modules\sequelize\lib\model.js:1362:12)
    at async categoryService.createCategory (C:\Users\teebanrajd\Documents\project\youcanfly\youcanfly-admin-be\src\services\category.service.js:43:26)
    at async categoryModule.createCategory (C:\Users\teebanrajd\Documents\project\youcanfly\youcanfly-admin-be\src\controllers\category.controller.js:45:29)
2024-05-15T12:51:37.098Z error: string violation: metakeywords cannot be an array or an object
- SequelizeValidationError: string violation: metakeywords cannot be an array or an object
    at InstanceValidator._validate (C:\Users\teebanrajd\Documents\project\youcanfly\youcanfly-admin-be\node_modules\sequelize\lib\instance-validator.js:50:13)
    at process.processTicksAndRejections (node:internal/process/task_queues:95:5)
    at async InstanceValidator._validateAndRunHooks (C:\Users\teebanrajd\Documents\project\youcanfly\youcanfly-admin-be\node_modules\sequelize\lib\instance-validator.js:60:7)
    at async InstanceValidator.validate (C:\Users\teebanrajd\Documents\project\youcanfly\youcanfly-admin-be\node_modules\sequelize\lib\instance-validator.js:54:12)
    at async category.save (C:\Users\teebanrajd\Documents\project\youcanfly\youcanfly-admin-be\node_modules\sequelize\lib\model.js:2426:7)
    at async category.create (C:\Users\teebanrajd\Documents\project\youcanfly\youcanfly-admin-be\node_modules\sequelize\lib\model.js:1362:12)
    at async categoryService.createCategory (C:\Users\teebanrajd\Documents\project\youcanfly\youcanfly-admin-be\src\services\category.service.js:43:26)
    at async categoryModule.createCategory (C:\Users\teebanrajd\Documents\project\youcanfly\youcanfly-admin-be\src\controllers\category.controller.js:45:29)
2024-05-15T12:55:36.224Z error: The argument passed to findOne must be an options object, use findByPk if you wish to pass a single primary key value
- Error: The argument passed to findOne must be an options object, use findByPk if you wish to pass a single primary key value
    at category.findOne (C:\Users\teebanrajd\Documents\project\youcanfly\youcanfly-admin-be\node_modules\sequelize\lib\model.js:1225:13)
    at categoryService.getCategoryByKey (C:\Users\teebanrajd\Documents\project\youcanfly\youcanfly-admin-be\src\services\category.service.js:57:42)
    at categoryModule.getCategory (C:\Users\teebanrajd\Documents\project\youcanfly\youcanfly-admin-be\src\controllers\category.controller.js:139:47)
    at Layer.handle [as handle_request] (C:\Users\teebanrajd\Documents\project\youcanfly\youcanfly-admin-be\node_modules\express\lib\router\layer.js:95:5)
    at next (C:\Users\teebanrajd\Documents\project\youcanfly\youcanfly-admin-be\node_modules\express\lib\router\route.js:149:13)
    at C:\Users\teebanrajd\Documents\project\youcanfly\youcanfly-admin-be\src\middleware\validate.js:25:12
    at Layer.handle [as handle_request] (C:\Users\teebanrajd\Documents\project\youcanfly\youcanfly-admin-be\node_modules\express\lib\router\layer.js:95:5)
    at next (C:\Users\teebanrajd\Documents\project\youcanfly\youcanfly-admin-be\node_modules\express\lib\router\route.js:149:13)
    at C:\Users\teebanrajd\Documents\project\youcanfly\youcanfly-admin-be\src\middleware\accessControl.js:44:12
    at Layer.handle [as handle_request] (C:\Users\teebanrajd\Documents\project\youcanfly\youcanfly-admin-be\node_modules\express\lib\router\layer.js:95:5)
