2024-05-13T05:51:48.991Z error: update or delete on table "course" violates foreign key constraint "courseRating_courseId_fkey" on table "courseRating"
- Error
    at Query.run (C:\Users\teebanrajd\Documents\project\youcanfly\youcanfly-admin-be\node_modules\sequelize\lib\dialects\postgres\query.js:50:25)
    at C:\Users\teebanrajd\Documents\project\youcanfly\youcanfly-admin-be\node_modules\sequelize\lib\sequelize.js:315:28
    at process.processTicksAndRejections (node:internal/process/task_queues:95:5)
    at async PostgresQueryInterface.bulkDelete (C:\Users\teebanrajd\Documents\project\youcanfly\youcanfly-admin-be\node_modules\sequelize\lib\dialects\abstract\query-interface.js:403:12)
    at async language.destroy (C:\Users\teebanrajd\Documents\project\youcanfly\youcanfly-admin-be\node_modules\sequelize\lib\model.js:1838:16)
    at async categoryModule.getCategory (C:\Users\teebanrajd\Documents\project\youcanfly\youcanfly-admin-be\src\controllers\category.controller.js:139:15)
2024-05-13T05:52:53.075Z error: update or delete on table "course" violates foreign key constraint "courseRating_courseId_fkey" on table "courseRating"
- Error
    at Query.run (C:\Users\teebanrajd\Documents\project\youcanfly\youcanfly-admin-be\node_modules\sequelize\lib\dialects\postgres\query.js:50:25)
    at C:\Users\teebanrajd\Documents\project\youcanfly\youcanfly-admin-be\node_modules\sequelize\lib\sequelize.js:315:28
    at process.processTicksAndRejections (node:internal/process/task_queues:95:5)
    at async PostgresQueryInterface.delete (C:\Users\teebanrajd\Documents\project\youcanfly\youcanfly-admin-be\node_modules\sequelize\lib\dialects\abstract\query-interface.js:393:12)
    at async language.destroy (C:\Users\teebanrajd\Documents\project\youcanfly\youcanfly-admin-be\node_modules\sequelize\lib\model.js:2627:16)
    at async categoryModule.getCategory (C:\Users\teebanrajd\Documents\project\youcanfly\youcanfly-admin-be\src\controllers\category.controller.js:140:5)
2024-05-13T05:59:19.260Z error: update or delete on table "course" violates foreign key constraint "courseRating_courseId_fkey" on table "courseRating"
- Error
    at Query.run (C:\Users\teebanrajd\Documents\project\youcanfly\youcanfly-admin-be\node_modules\sequelize\lib\dialects\postgres\query.js:50:25)
    at C:\Users\teebanrajd\Documents\project\youcanfly\youcanfly-admin-be\node_modules\sequelize\lib\sequelize.js:315:28
    at process.processTicksAndRejections (node:internal/process/task_queues:95:5)
    at async PostgresQueryInterface.delete (C:\Users\teebanrajd\Documents\project\youcanfly\youcanfly-admin-be\node_modules\sequelize\lib\dialects\abstract\query-interface.js:393:12)
    at async language.destroy (C:\Users\teebanrajd\Documents\project\youcanfly\youcanfly-admin-be\node_modules\sequelize\lib\model.js:2627:16)
    at async categoryModule.getCategory (C:\Users\teebanrajd\Documents\project\youcanfly\youcanfly-admin-be\src\controllers\category.controller.js:140:5)
2024-05-13T06:06:35.219Z error: update or delete on table "course" violates foreign key constraint "courseRating_courseId_fkey" on table "courseRating"
- Error
    at Query.run (C:\Users\teebanrajd\Documents\project\youcanfly\youcanfly-admin-be\node_modules\sequelize\lib\dialects\postgres\query.js:50:25)
    at C:\Users\teebanrajd\Documents\project\youcanfly\youcanfly-admin-be\node_modules\sequelize\lib\sequelize.js:315:28
    at process.processTicksAndRejections (node:internal/process/task_queues:95:5)
    at async PostgresQueryInterface.delete (C:\Users\teebanrajd\Documents\project\youcanfly\youcanfly-admin-be\node_modules\sequelize\lib\dialects\abstract\query-interface.js:393:12)
    at async language.destroy (C:\Users\teebanrajd\Documents\project\youcanfly\youcanfly-admin-be\node_modules\sequelize\lib\model.js:2627:16)
    at async categoryModule.getCategory (C:\Users\teebanrajd\Documents\project\youcanfly\youcanfly-admin-be\src\controllers\category.controller.js:140:5)
2024-05-13T06:16:15.729Z error: null value in column "language_id" of relation "course" violates not-null constraint
- Error
    at Query.run (C:\Users\teebanrajd\Documents\project\youcanfly\youcanfly-admin-be\node_modules\sequelize\lib\dialects\postgres\query.js:50:25)
    at C:\Users\teebanrajd\Documents\project\youcanfly\youcanfly-admin-be\node_modules\sequelize\lib\sequelize.js:315:28
    at process.processTicksAndRejections (node:internal/process/task_queues:95:5)
    at async PostgresQueryInterface.delete (C:\Users\teebanrajd\Documents\project\youcanfly\youcanfly-admin-be\node_modules\sequelize\lib\dialects\abstract\query-interface.js:393:12)
    at async language.destroy (C:\Users\teebanrajd\Documents\project\youcanfly\youcanfly-admin-be\node_modules\sequelize\lib\model.js:2627:16)
    at async categoryModule.getCategory (C:\Users\teebanrajd\Documents\project\youcanfly\youcanfly-admin-be\src\controllers\category.controller.js:140:5)
2024-05-13T06:59:19.540Z error: column "description" does not exist
- Error
    at Query.run (C:\Users\teebanrajd\Documents\project\youcanfly\youcanfly-admin-be\node_modules\sequelize\lib\dialects\postgres\query.js:50:25)
    at C:\Users\teebanrajd\Documents\project\youcanfly\youcanfly-admin-be\node_modules\sequelize\lib\sequelize.js:315:28
    at process.processTicksAndRejections (node:internal/process/task_queues:95:5)
    at async PostgresQueryInterface.select (C:\Users\teebanrajd\Documents\project\youcanfly\youcanfly-admin-be\node_modules\sequelize\lib\dialects\abstract\query-interface.js:407:12)
    at async category.findAll (C:\Users\teebanrajd\Documents\project\youcanfly\youcanfly-admin-be\node_modules\sequelize\lib\model.js:1140:21)
    at async category.findOne (C:\Users\teebanrajd\Documents\project\youcanfly\youcanfly-admin-be\node_modules\sequelize\lib\model.js:1240:12)
    at async categoryService.getCategoryByKey (C:\Users\teebanrajd\Documents\project\youcanfly\youcanfly-admin-be\src\services\category.service.js:57:27)
    at async categoryModule.createCategory (C:\Users\teebanrajd\Documents\project\youcanfly\youcanfly-admin-be\src\controllers\category.controller.js:25:24)
2024-05-13T07:00:48.894Z error: column "metakeywords" does not exist
- Error
    at Query.run (C:\Users\teebanrajd\Documents\project\youcanfly\youcanfly-admin-be\node_modules\sequelize\lib\dialects\postgres\query.js:50:25)
    at C:\Users\teebanrajd\Documents\project\youcanfly\youcanfly-admin-be\node_modules\sequelize\lib\sequelize.js:315:28
    at process.processTicksAndRejections (node:internal/process/task_queues:95:5)
    at async PostgresQueryInterface.select (C:\Users\teebanrajd\Documents\project\youcanfly\youcanfly-admin-be\node_modules\sequelize\lib\dialects\abstract\query-interface.js:407:12)
    at async category.findAll (C:\Users\teebanrajd\Documents\project\youcanfly\youcanfly-admin-be\node_modules\sequelize\lib\model.js:1140:21)
    at async category.findOne (C:\Users\teebanrajd\Documents\project\youcanfly\youcanfly-admin-be\node_modules\sequelize\lib\model.js:1240:12)
    at async categoryService.getCategoryByKey (C:\Users\teebanrajd\Documents\project\youcanfly\youcanfly-admin-be\src\services\category.service.js:57:27)
    at async categoryModule.createCategory (C:\Users\teebanrajd\Documents\project\youcanfly\youcanfly-admin-be\src\controllers\category.controller.js:25:24)
2024-05-13T07:02:15.770Z error: Validation error
- Error
    at Query.run (C:\Users\teebanrajd\Documents\project\youcanfly\youcanfly-admin-be\node_modules\sequelize\lib\dialects\postgres\query.js:50:25)
    at C:\Users\teebanrajd\Documents\project\youcanfly\youcanfly-admin-be\node_modules\sequelize\lib\sequelize.js:315:28
    at process.processTicksAndRejections (node:internal/process/task_queues:95:5)
    at async PostgresQueryInterface.insert (C:\Users\teebanrajd\Documents\project\youcanfly\youcanfly-admin-be\node_modules\sequelize\lib\dialects\abstract\query-interface.js:308:21)
    at async category.save (C:\Users\teebanrajd\Documents\project\youcanfly\youcanfly-admin-be\node_modules\sequelize\lib\model.js:2490:35)
    at async category.create (C:\Users\teebanrajd\Documents\project\youcanfly\youcanfly-admin-be\node_modules\sequelize\lib\model.js:1362:12)
    at async categoryService.createCategory (C:\Users\teebanrajd\Documents\project\youcanfly\youcanfly-admin-be\src\services\category.service.js:43:26)
    at async categoryModule.createCategory (C:\Users\teebanrajd\Documents\project\youcanfly\youcanfly-admin-be\src\controllers\category.controller.js:35:29)
